[2016-09-01 10:16:43] eccube.INFO: Matched route "homepage". {"route_parameters":{"_controller":"\\Eccube\\Controller\\TopController::index","_route":"homepage"},"request_uri":"http://localhost:8888/eccube-3.0.10/html/"} []
[2016-09-01 10:16:43] eccube.INFO: Populated the TokenStorage with an anonymous Token. [] []
[2016-09-01 10:16:43] eccube.INFO: > GET /eccube-3.0.10/html/ [] []
[2016-09-01 10:16:43] eccube.INFO: Matched route "block_cart". {"route_parameters":{"_controller":"\\Eccube\\Controller\\Block\\CartController::index","_route":"block_cart"},"request_uri":"http://localhost:8888/eccube-3.0.10/html/block/cart"} []
[2016-09-01 10:16:43] eccube.INFO: Matched route "block_search_product". {"route_parameters":{"_controller":"\\Eccube\\Controller\\Block\\SearchProductController::index","_route":"block_search_product"},"request_uri":"http://localhost:8888/eccube-3.0.10/html/block/search_product"} []
[2016-09-01 10:16:44] eccube.INFO: Matched route "block_login". {"route_parameters":{"_controller":"\\Eccube\\Controller\\Block\\LoginController::index","_route":"block_login"},"request_uri":"http://localhost:8888/eccube-3.0.10/html/block/login"} []
[2016-09-01 10:16:44] eccube.INFO: Matched route "block_category". {"route_parameters":{"_controller":"\\Eccube\\Controller\\Block\\CategoryController::index","_route":"block_category"},"request_uri":"http://localhost:8888/eccube-3.0.10/html/block/category"} []
[2016-09-01 10:16:44] eccube.INFO: Matched route "block_news". {"route_parameters":{"_controller":"\\Eccube\\Controller\\Block\\NewsController::index","_route":"block_news"},"request_uri":"http://localhost:8888/eccube-3.0.10/html/block/news"} []
[2016-09-01 10:16:44] eccube.INFO: < 200 [] []
[2016-09-01 10:17:15] eccube.INFO: Matched route "homepage". {"route_parameters":{"_controller":"\\Eccube\\Controller\\TopController::index","_route":"homepage"},"request_uri":"http://localhost:8888/eccube-3.0.10/html/"} []
[2016-09-01 10:17:15] eccube.INFO: Populated the TokenStorage with an anonymous Token. [] []
[2016-09-01 10:17:15] eccube.INFO: > GET /eccube-3.0.10/html/ [] []
[2016-09-01 10:17:15] eccube.INFO: Matched route "block_cart". {"route_parameters":{"_controller":"\\Eccube\\Controller\\Block\\CartController::index","_route":"block_cart"},"request_uri":"http://localhost:8888/eccube-3.0.10/html/block/cart"} []
[2016-09-01 10:17:15] eccube.INFO: Matched route "block_search_product". {"route_parameters":{"_controller":"\\Eccube\\Controller\\Block\\SearchProductController::index","_route":"block_search_product"},"request_uri":"http://localhost:8888/eccube-3.0.10/html/block/search_product"} []
[2016-09-01 10:17:15] eccube.INFO: Matched route "block_login". {"route_parameters":{"_controller":"\\Eccube\\Controller\\Block\\LoginController::index","_route":"block_login"},"request_uri":"http://localhost:8888/eccube-3.0.10/html/block/login"} []
[2016-09-01 10:17:15] eccube.INFO: Matched route "block_category". {"route_parameters":{"_controller":"\\Eccube\\Controller\\Block\\CategoryController::index","_route":"block_category"},"request_uri":"http://localhost:8888/eccube-3.0.10/html/block/category"} []
[2016-09-01 10:17:15] eccube.INFO: Matched route "block_news". {"route_parameters":{"_controller":"\\Eccube\\Controller\\Block\\NewsController::index","_route":"block_news"},"request_uri":"http://localhost:8888/eccube-3.0.10/html/block/news"} []
[2016-09-01 10:17:15] eccube.INFO: < 200 [] []
[2016-09-01 10:17:20] eccube.INFO: Matched route "mypage_login". {"route_parameters":{"_controller":"\\Eccube\\Controller\\Mypage\\MypageController::login","_route":"mypage_login"},"request_uri":"http://localhost:8888/eccube-3.0.10/html/mypage/login"} []
[2016-09-01 10:17:20] eccube.INFO: Populated the TokenStorage with an anonymous Token. [] []
[2016-09-01 10:17:20] eccube.INFO: > GET /eccube-3.0.10/html/mypage/login [] []
[2016-09-01 10:17:21] eccube.INFO: Matched route "block_cart". {"route_parameters":{"_controller":"\\Eccube\\Controller\\Block\\CartController::index","_route":"block_cart"},"request_uri":"http://localhost:8888/eccube-3.0.10/html/block/cart"} []
[2016-09-01 10:17:21] eccube.INFO: Matched route "block_search_product". {"route_parameters":{"_controller":"\\Eccube\\Controller\\Block\\SearchProductController::index","_route":"block_search_product"},"request_uri":"http://localhost:8888/eccube-3.0.10/html/block/search_product"} []
[2016-09-01 10:17:21] eccube.INFO: Matched route "block_login". {"route_parameters":{"_controller":"\\Eccube\\Controller\\Block\\LoginController::index","_route":"block_login"},"request_uri":"http://localhost:8888/eccube-3.0.10/html/block/login"} []
[2016-09-01 10:17:21] eccube.INFO: Matched route "block_category". {"route_parameters":{"_controller":"\\Eccube\\Controller\\Block\\CategoryController::index","_route":"block_category"},"request_uri":"http://localhost:8888/eccube-3.0.10/html/block/category"} []
[2016-09-01 10:17:21] eccube.INFO: < 200 [] []
[2016-09-01 10:17:31] eccube.INFO: Matched route "login_check". {"route_parameters":{"_controller":null,"_route":"login_check"},"request_uri":"http://localhost:8888/eccube-3.0.10/html/login_check"} []
[2016-09-01 10:17:31] eccube.INFO: Authentication request failed. {"exception":"[object] (Symfony\\Component\\Security\\Core\\Exception\\BadCredentialsException(code: 0): Bad credentials. at /Applications/MAMP/htdocs/eccube-3.0.10/vendor/symfony/security/Core/Authentication/Provider/UserAuthenticationProvider.php:73, Symfony\\Component\\Security\\Core\\Exception\\UsernameNotFoundException(code: 0): Username \"yayoshi.yuko@rdcl-opti.co.jp\" does not exist. at /Applications/MAMP/htdocs/eccube-3.0.10/src/Eccube/Repository/CustomerRepository.php:101)"} []
[2016-09-01 10:17:31] eccube.INFO: < 302 http://localhost:8888/eccube-3.0.10/html/mypage/login [] []
[2016-09-01 10:17:31] eccube.INFO: Matched route "mypage_login". {"route_parameters":{"_controller":"\\Eccube\\Controller\\Mypage\\MypageController::login","_route":"mypage_login"},"request_uri":"http://localhost:8888/eccube-3.0.10/html/mypage/login"} []
[2016-09-01 10:17:31] eccube.INFO: Populated the TokenStorage with an anonymous Token. [] []
[2016-09-01 10:17:31] eccube.INFO: > GET /eccube-3.0.10/html/mypage/login [] []
[2016-09-01 10:17:32] eccube.INFO: Matched route "block_cart". {"route_parameters":{"_controller":"\\Eccube\\Controller\\Block\\CartController::index","_route":"block_cart"},"request_uri":"http://localhost:8888/eccube-3.0.10/html/block/cart"} []
[2016-09-01 10:17:32] eccube.INFO: Matched route "block_search_product". {"route_parameters":{"_controller":"\\Eccube\\Controller\\Block\\SearchProductController::index","_route":"block_search_product"},"request_uri":"http://localhost:8888/eccube-3.0.10/html/block/search_product"} []
[2016-09-01 10:17:32] eccube.INFO: Matched route "block_login". {"route_parameters":{"_controller":"\\Eccube\\Controller\\Block\\LoginController::index","_route":"block_login"},"request_uri":"http://localhost:8888/eccube-3.0.10/html/block/login"} []
[2016-09-01 10:17:32] eccube.INFO: Matched route "block_category". {"route_parameters":{"_controller":"\\Eccube\\Controller\\Block\\CategoryController::index","_route":"block_category"},"request_uri":"http://localhost:8888/eccube-3.0.10/html/block/category"} []
[2016-09-01 10:17:32] eccube.INFO: < 200 [] []
[2016-09-01 10:17:40] eccube.INFO: Matched route "entry". {"route_parameters":{"_controller":"\\Eccube\\Controller\\EntryController::index","_route":"entry"},"request_uri":"http://localhost:8888/eccube-3.0.10/html/entry"} []
[2016-09-01 10:17:40] eccube.INFO: Populated the TokenStorage with an anonymous Token. [] []
[2016-09-01 10:17:40] eccube.INFO: > GET /eccube-3.0.10/html/entry [] []
[2016-09-01 10:17:40] eccube.INFO: Matched route "block_cart". {"route_parameters":{"_controller":"\\Eccube\\Controller\\Block\\CartController::index","_route":"block_cart"},"request_uri":"http://localhost:8888/eccube-3.0.10/html/block/cart"} []
[2016-09-01 10:17:40] eccube.INFO: Matched route "block_search_product". {"route_parameters":{"_controller":"\\Eccube\\Controller\\Block\\SearchProductController::index","_route":"block_search_product"},"request_uri":"http://localhost:8888/eccube-3.0.10/html/block/search_product"} []
[2016-09-01 10:17:40] eccube.INFO: Matched route "block_login". {"route_parameters":{"_controller":"\\Eccube\\Controller\\Block\\LoginController::index","_route":"block_login"},"request_uri":"http://localhost:8888/eccube-3.0.10/html/block/login"} []
[2016-09-01 10:17:40] eccube.INFO: Matched route "block_category". {"route_parameters":{"_controller":"\\Eccube\\Controller\\Block\\CategoryController::index","_route":"block_category"},"request_uri":"http://localhost:8888/eccube-3.0.10/html/block/category"} []
[2016-09-01 10:17:40] eccube.INFO: < 200 [] []
[2016-09-01 10:20:28] eccube.INFO: Matched route "entry". {"route_parameters":{"_controller":"\\Eccube\\Controller\\EntryController::index","_route":"entry"},"request_uri":"http://localhost:8888/eccube-3.0.10/html/entry"} []
[2016-09-01 10:20:28] eccube.INFO: Populated the TokenStorage with an anonymous Token. [] []
[2016-09-01 10:20:28] eccube.INFO: > POST /eccube-3.0.10/html/entry [] []
[2016-09-01 10:20:28] eccube.INFO: Matched route "block_cart". {"route_parameters":{"_controller":"\\Eccube\\Controller\\Block\\CartController::index","_route":"block_cart"},"request_uri":"http://localhost:8888/eccube-3.0.10/html/block/cart"} []
[2016-09-01 10:20:28] eccube.INFO: Matched route "block_search_product". {"route_parameters":{"_controller":"\\Eccube\\Controller\\Block\\SearchProductController::index","_route":"block_search_product"},"request_uri":"http://localhost:8888/eccube-3.0.10/html/block/search_product"} []
[2016-09-01 10:20:28] eccube.INFO: Matched route "block_login". {"route_parameters":{"_controller":"\\Eccube\\Controller\\Block\\LoginController::index","_route":"block_login"},"request_uri":"http://localhost:8888/eccube-3.0.10/html/block/login"} []
[2016-09-01 10:20:28] eccube.INFO: Matched route "block_category". {"route_parameters":{"_controller":"\\Eccube\\Controller\\Block\\CategoryController::index","_route":"block_category"},"request_uri":"http://localhost:8888/eccube-3.0.10/html/block/category"} []
[2016-09-01 10:20:28] eccube.INFO: < 200 [] []
[2016-09-01 10:20:33] eccube.INFO: Matched route "entry". {"route_parameters":{"_controller":"\\Eccube\\Controller\\EntryController::index","_route":"entry"},"request_uri":"http://localhost:8888/eccube-3.0.10/html/entry"} []
[2016-09-01 10:20:33] eccube.INFO: Populated the TokenStorage with an anonymous Token. [] []
[2016-09-01 10:20:33] eccube.INFO: > POST /eccube-3.0.10/html/entry [] []
[2016-09-01 10:20:33] eccube.INFO: < 302 http://localhost:8888/eccube-3.0.10/html/entry/complete [] []
[2016-09-01 10:20:33] eccube.INFO: Matched route "entry_complete". {"route_parameters":{"_controller":"\\Eccube\\Controller\\EntryController::complete","_route":"entry_complete"},"request_uri":"http://localhost:8888/eccube-3.0.10/html/entry/complete"} []
[2016-09-01 10:20:33] eccube.INFO: Populated the TokenStorage with an anonymous Token. [] []
[2016-09-01 10:20:33] eccube.INFO: > GET /eccube-3.0.10/html/entry/complete [] []
[2016-09-01 10:20:34] eccube.INFO: Matched route "block_cart". {"route_parameters":{"_controller":"\\Eccube\\Controller\\Block\\CartController::index","_route":"block_cart"},"request_uri":"http://localhost:8888/eccube-3.0.10/html/block/cart"} []
[2016-09-01 10:20:34] eccube.INFO: Matched route "block_search_product". {"route_parameters":{"_controller":"\\Eccube\\Controller\\Block\\SearchProductController::index","_route":"block_search_product"},"request_uri":"http://localhost:8888/eccube-3.0.10/html/block/search_product"} []
[2016-09-01 10:20:34] eccube.INFO: Matched route "block_login". {"route_parameters":{"_controller":"\\Eccube\\Controller\\Block\\LoginController::index","_route":"block_login"},"request_uri":"http://localhost:8888/eccube-3.0.10/html/block/login"} []
[2016-09-01 10:20:34] eccube.INFO: Matched route "block_category". {"route_parameters":{"_controller":"\\Eccube\\Controller\\Block\\CategoryController::index","_route":"block_category"},"request_uri":"http://localhost:8888/eccube-3.0.10/html/block/category"} []
[2016-09-01 10:20:34] eccube.INFO: < 200 [] []
[2016-09-01 10:20:35] eccube.INFO: Matched route "homepage". {"route_parameters":{"_controller":"\\Eccube\\Controller\\TopController::index","_route":"homepage"},"request_uri":"http://localhost:8888/eccube-3.0.10/html/"} []
[2016-09-01 10:20:35] eccube.INFO: Populated the TokenStorage with an anonymous Token. [] []
[2016-09-01 10:20:35] eccube.INFO: > GET /eccube-3.0.10/html/ [] []
[2016-09-01 10:20:35] eccube.INFO: Matched route "block_cart". {"route_parameters":{"_controller":"\\Eccube\\Controller\\Block\\CartController::index","_route":"block_cart"},"request_uri":"http://localhost:8888/eccube-3.0.10/html/block/cart"} []
[2016-09-01 10:20:35] eccube.INFO: Matched route "block_search_product". {"route_parameters":{"_controller":"\\Eccube\\Controller\\Block\\SearchProductController::index","_route":"block_search_product"},"request_uri":"http://localhost:8888/eccube-3.0.10/html/block/search_product"} []
[2016-09-01 10:20:35] eccube.INFO: Matched route "block_login". {"route_parameters":{"_controller":"\\Eccube\\Controller\\Block\\LoginController::index","_route":"block_login"},"request_uri":"http://localhost:8888/eccube-3.0.10/html/block/login"} []
[2016-09-01 10:20:35] eccube.INFO: Matched route "block_category". {"route_parameters":{"_controller":"\\Eccube\\Controller\\Block\\CategoryController::index","_route":"block_category"},"request_uri":"http://localhost:8888/eccube-3.0.10/html/block/category"} []
[2016-09-01 10:20:35] eccube.INFO: Matched route "block_news". {"route_parameters":{"_controller":"\\Eccube\\Controller\\Block\\NewsController::index","_route":"block_news"},"request_uri":"http://localhost:8888/eccube-3.0.10/html/block/news"} []
[2016-09-01 10:20:35] eccube.INFO: < 200 [] []
[2016-09-01 10:20:52] eccube.INFO: Matched route "admin_homepage". {"route_parameters":{"_controller":"\\Eccube\\Controller\\Admin\\AdminController::index","_route":"admin_homepage"},"request_uri":"http://localhost:8888/eccube-3.0.10/html/admin/"} []
[2016-09-01 10:20:52] eccube.INFO: Populated the TokenStorage with an anonymous Token. [] []
[2016-09-01 10:20:52] eccube.INFO: Matched route "admin_login". {"route_parameters":{"_controller":"\\Eccube\\Controller\\Admin\\AdminController::login","_route":"admin_login"},"request_uri":"http://localhost:8888/eccube-3.0.10/html/admin/login"} []
[2016-09-01 10:20:53] eccube.INFO: < 401 [] []
[2016-09-01 10:20:58] eccube.INFO: Matched route "admin_login_check". {"route_parameters":{"_controller":null,"_route":"admin_login_check"},"request_uri":"http://localhost:8888/eccube-3.0.10/html/admin/login_check"} []
[2016-09-01 10:20:58] eccube.INFO: Authentication request failed. {"exception":"[object] (Symfony\\Component\\Security\\Core\\Exception\\BadCredentialsException(code: 0): Bad credentials. at /Applications/MAMP/htdocs/eccube-3.0.10/vendor/symfony/security/Core/Authentication/Provider/UserAuthenticationProvider.php:73, Symfony\\Component\\Security\\Core\\Exception\\UsernameNotFoundException(code: 0): Username \"yayoshi.yuko@rdcl-opti.co.jp\" does not exist. at /Applications/MAMP/htdocs/eccube-3.0.10/src/Eccube/Repository/MemberRepository.php:89)"} []
[2016-09-01 10:20:58] eccube.INFO: < 302 http://localhost:8888/eccube-3.0.10/html/admin/login [] []
[2016-09-01 10:20:59] eccube.INFO: Matched route "admin_login". {"route_parameters":{"_controller":"\\Eccube\\Controller\\Admin\\AdminController::login","_route":"admin_login"},"request_uri":"http://localhost:8888/eccube-3.0.10/html/admin/login"} []
[2016-09-01 10:20:59] eccube.INFO: Populated the TokenStorage with an anonymous Token. [] []
[2016-09-01 10:20:59] eccube.INFO: > GET /eccube-3.0.10/html/admin/login [] []
[2016-09-01 10:20:59] eccube.INFO: < 200 [] []
[2016-09-01 10:21:06] eccube.INFO: Matched route "admin_login_check". {"route_parameters":{"_controller":null,"_route":"admin_login_check"},"request_uri":"http://localhost:8888/eccube-3.0.10/html/admin/login_check"} []
[2016-09-01 10:21:06] eccube.INFO: User has been authenticated successfully. {"username":"admin"} []
[2016-09-01 10:21:06] eccube.INFO: < 302 http://localhost:8888/eccube-3.0.10/html/admin/ [] []
[2016-09-01 10:21:06] eccube.INFO: Matched route "admin_homepage". {"route_parameters":{"_controller":"\\Eccube\\Controller\\Admin\\AdminController::index","_route":"admin_homepage"},"request_uri":"http://localhost:8888/eccube-3.0.10/html/admin/"} []
[2016-09-01 10:21:06] eccube.INFO: > GET /eccube-3.0.10/html/admin/ [] []
[2016-09-01 10:21:07] eccube.INFO: < 200 [] []
[2016-09-01 10:24:32] eccube.INFO: Matched route "product_detail". {"route_parameters":{"_controller":"\\Eccube\\Controller\\ProductController::detail","id":"2","_route":"product_detail"},"request_uri":"http://localhost:8888/eccube-3.0.10/html/products/detail/2"} []
[2016-09-01 10:24:32] eccube.INFO: Populated the TokenStorage with an anonymous Token. [] []
[2016-09-01 10:24:32] eccube.INFO: > GET /eccube-3.0.10/html/products/detail/2 [] []
[2016-09-01 10:24:32] eccube.INFO: Matched route "block_cart". {"route_parameters":{"_controller":"\\Eccube\\Controller\\Block\\CartController::index","_route":"block_cart"},"request_uri":"http://localhost:8888/eccube-3.0.10/html/block/cart"} []
[2016-09-01 10:24:32] eccube.INFO: Matched route "block_search_product". {"route_parameters":{"_controller":"\\Eccube\\Controller\\Block\\SearchProductController::index","_route":"block_search_product"},"request_uri":"http://localhost:8888/eccube-3.0.10/html/block/search_product"} []
[2016-09-01 10:24:32] eccube.INFO: Matched route "block_login". {"route_parameters":{"_controller":"\\Eccube\\Controller\\Block\\LoginController::index","_route":"block_login"},"request_uri":"http://localhost:8888/eccube-3.0.10/html/block/login"} []
[2016-09-01 10:24:32] eccube.INFO: Matched route "block_category". {"route_parameters":{"_controller":"\\Eccube\\Controller\\Block\\CategoryController::index","_route":"block_category"},"request_uri":"http://localhost:8888/eccube-3.0.10/html/block/category"} []
[2016-09-01 10:24:32] eccube.INFO: < 200 [] []
[2016-09-01 10:24:34] eccube.INFO: Matched route "product_detail". {"route_parameters":{"_controller":"\\Eccube\\Controller\\ProductController::detail","id":"2","_route":"product_detail"},"request_uri":"http://localhost:8888/eccube-3.0.10/html/products/detail/2"} []
[2016-09-01 10:24:34] eccube.INFO: Populated the TokenStorage with an anonymous Token. [] []
[2016-09-01 10:24:34] eccube.INFO: > POST /eccube-3.0.10/html/products/detail/2? [] []
[2016-09-01 10:24:34] eccube.INFO: < 302 http://localhost:8888/eccube-3.0.10/html/cart [] []
[2016-09-01 10:24:34] eccube.INFO: Matched route "cart". {"route_parameters":{"_controller":"\\Eccube\\Controller\\CartController::index","_route":"cart"},"request_uri":"http://localhost:8888/eccube-3.0.10/html/cart"} []
[2016-09-01 10:24:34] eccube.INFO: Populated the TokenStorage with an anonymous Token. [] []
[2016-09-01 10:24:34] eccube.INFO: > GET /eccube-3.0.10/html/cart [] []
[2016-09-01 10:24:34] eccube.INFO: Matched route "block_cart". {"route_parameters":{"_controller":"\\Eccube\\Controller\\Block\\CartController::index","_route":"block_cart"},"request_uri":"http://localhost:8888/eccube-3.0.10/html/block/cart"} []
[2016-09-01 10:24:34] eccube.INFO: Matched route "block_search_product". {"route_parameters":{"_controller":"\\Eccube\\Controller\\Block\\SearchProductController::index","_route":"block_search_product"},"request_uri":"http://localhost:8888/eccube-3.0.10/html/block/search_product"} []
[2016-09-01 10:24:34] eccube.INFO: Matched route "block_login". {"route_parameters":{"_controller":"\\Eccube\\Controller\\Block\\LoginController::index","_route":"block_login"},"request_uri":"http://localhost:8888/eccube-3.0.10/html/block/login"} []
[2016-09-01 10:24:34] eccube.INFO: Matched route "block_category". {"route_parameters":{"_controller":"\\Eccube\\Controller\\Block\\CategoryController::index","_route":"block_category"},"request_uri":"http://localhost:8888/eccube-3.0.10/html/block/category"} []
[2016-09-01 10:24:34] eccube.INFO: < 200 [] []
[2016-09-01 10:24:36] eccube.INFO: Matched route "cart_buystep". {"route_parameters":{"_controller":"\\Eccube\\Controller\\CartController::buystep","_route":"cart_buystep"},"request_uri":"http://localhost:8888/eccube-3.0.10/html/cart/buystep"} []
[2016-09-01 10:24:36] eccube.INFO: Populated the TokenStorage with an anonymous Token. [] []
[2016-09-01 10:24:36] eccube.INFO: > GET /eccube-3.0.10/html/cart/buystep [] []
[2016-09-01 10:24:36] eccube.INFO: < 302 http://localhost:8888/eccube-3.0.10/html/shopping [] []
[2016-09-01 10:24:37] eccube.INFO: Matched route "shopping". {"route_parameters":{"_controller":"\\Eccube\\Controller\\ShoppingController::index","_route":"shopping"},"request_uri":"http://localhost:8888/eccube-3.0.10/html/shopping"} []
[2016-09-01 10:24:37] eccube.INFO: Populated the TokenStorage with an anonymous Token. [] []
[2016-09-01 10:24:37] eccube.INFO: > GET /eccube-3.0.10/html/shopping [] []
[2016-09-01 10:24:37] eccube.INFO: < 302 http://localhost:8888/eccube-3.0.10/html/shopping/login [] []
[2016-09-01 10:24:37] eccube.INFO: Matched route "shopping_login". {"route_parameters":{"_controller":"\\Eccube\\Controller\\ShoppingController::login","_route":"shopping_login"},"request_uri":"http://localhost:8888/eccube-3.0.10/html/shopping/login"} []
[2016-09-01 10:24:37] eccube.INFO: Populated the TokenStorage with an anonymous Token. [] []
[2016-09-01 10:24:37] eccube.INFO: > GET /eccube-3.0.10/html/shopping/login [] []
[2016-09-01 10:24:37] eccube.INFO: Matched route "block_cart". {"route_parameters":{"_controller":"\\Eccube\\Controller\\Block\\CartController::index","_route":"block_cart"},"request_uri":"http://localhost:8888/eccube-3.0.10/html/block/cart"} []
[2016-09-01 10:24:37] eccube.INFO: Matched route "block_search_product". {"route_parameters":{"_controller":"\\Eccube\\Controller\\Block\\SearchProductController::index","_route":"block_search_product"},"request_uri":"http://localhost:8888/eccube-3.0.10/html/block/search_product"} []
[2016-09-01 10:24:37] eccube.INFO: Matched route "block_login". {"route_parameters":{"_controller":"\\Eccube\\Controller\\Block\\LoginController::index","_route":"block_login"},"request_uri":"http://localhost:8888/eccube-3.0.10/html/block/login"} []
[2016-09-01 10:24:37] eccube.INFO: Matched route "block_category". {"route_parameters":{"_controller":"\\Eccube\\Controller\\Block\\CategoryController::index","_route":"block_category"},"request_uri":"http://localhost:8888/eccube-3.0.10/html/block/category"} []
[2016-09-01 10:24:37] eccube.INFO: < 200 [] []
[2016-09-01 10:24:40] eccube.INFO: Matched route "shopping_nonmember". {"route_parameters":{"_controller":"\\Eccube\\Controller\\ShoppingController::nonmember","_route":"shopping_nonmember"},"request_uri":"http://localhost:8888/eccube-3.0.10/html/shopping/nonmember"} []
[2016-09-01 10:24:40] eccube.INFO: Populated the TokenStorage with an anonymous Token. [] []
[2016-09-01 10:24:40] eccube.INFO: > GET /eccube-3.0.10/html/shopping/nonmember [] []
[2016-09-01 10:24:40] eccube.INFO: Matched route "block_cart". {"route_parameters":{"_controller":"\\Eccube\\Controller\\Block\\CartController::index","_route":"block_cart"},"request_uri":"http://localhost:8888/eccube-3.0.10/html/block/cart"} []
[2016-09-01 10:24:40] eccube.INFO: Matched route "block_search_product". {"route_parameters":{"_controller":"\\Eccube\\Controller\\Block\\SearchProductController::index","_route":"block_search_product"},"request_uri":"http://localhost:8888/eccube-3.0.10/html/block/search_product"} []
[2016-09-01 10:24:40] eccube.INFO: Matched route "block_login". {"route_parameters":{"_controller":"\\Eccube\\Controller\\Block\\LoginController::index","_route":"block_login"},"request_uri":"http://localhost:8888/eccube-3.0.10/html/block/login"} []
[2016-09-01 10:24:40] eccube.INFO: Matched route "block_category". {"route_parameters":{"_controller":"\\Eccube\\Controller\\Block\\CategoryController::index","_route":"block_category"},"request_uri":"http://localhost:8888/eccube-3.0.10/html/block/category"} []
[2016-09-01 10:24:40] eccube.INFO: < 200 [] []
[2016-09-01 10:25:43] eccube.INFO: Matched route "shopping_nonmember". {"route_parameters":{"_controller":"\\Eccube\\Controller\\ShoppingController::nonmember","_route":"shopping_nonmember"},"request_uri":"http://localhost:8888/eccube-3.0.10/html/shopping/nonmember"} []
[2016-09-01 10:25:43] eccube.INFO: Populated the TokenStorage with an anonymous Token. [] []
[2016-09-01 10:25:43] eccube.INFO: > POST /eccube-3.0.10/html/shopping/nonmember [] []
[2016-09-01 10:25:43] eccube.INFO: < 302 http://localhost:8888/eccube-3.0.10/html/shopping [] []
[2016-09-01 10:25:43] eccube.INFO: Matched route "shopping". {"route_parameters":{"_controller":"\\Eccube\\Controller\\ShoppingController::index","_route":"shopping"},"request_uri":"http://localhost:8888/eccube-3.0.10/html/shopping"} []
[2016-09-01 10:25:43] eccube.INFO: Populated the TokenStorage with an anonymous Token. [] []
[2016-09-01 10:25:43] eccube.INFO: > GET /eccube-3.0.10/html/shopping [] []
[2016-09-01 10:25:43] eccube.INFO: Matched route "block_cart". {"route_parameters":{"_controller":"\\Eccube\\Controller\\Block\\CartController::index","_route":"block_cart"},"request_uri":"http://localhost:8888/eccube-3.0.10/html/block/cart"} []
[2016-09-01 10:25:43] eccube.INFO: Matched route "block_search_product". {"route_parameters":{"_controller":"\\Eccube\\Controller\\Block\\SearchProductController::index","_route":"block_search_product"},"request_uri":"http://localhost:8888/eccube-3.0.10/html/block/search_product"} []
[2016-09-01 10:25:43] eccube.INFO: Matched route "block_login". {"route_parameters":{"_controller":"\\Eccube\\Controller\\Block\\LoginController::index","_route":"block_login"},"request_uri":"http://localhost:8888/eccube-3.0.10/html/block/login"} []
[2016-09-01 10:25:43] eccube.INFO: Matched route "block_category". {"route_parameters":{"_controller":"\\Eccube\\Controller\\Block\\CategoryController::index","_route":"block_category"},"request_uri":"http://localhost:8888/eccube-3.0.10/html/block/category"} []
[2016-09-01 10:25:43] eccube.INFO: < 200 [] []
[2016-09-01 10:25:48] eccube.INFO: Matched route "shopping_shipping_edit_change". {"route_parameters":{"_controller":"\\Eccube\\Controller\\ShoppingController::shippingEditChange","id":"1","_route":"shopping_shipping_edit_change"},"request_uri":"http://localhost:8888/eccube-3.0.10/html/shopping/shipping_edit_change/1"} []
[2016-09-01 10:25:48] eccube.INFO: Populated the TokenStorage with an anonymous Token. [] []
[2016-09-01 10:25:48] eccube.INFO: > POST /eccube-3.0.10/html/shopping/shipping_edit_change/1 [] []
[2016-09-01 10:25:48] eccube.INFO: < 302 http://localhost:8888/eccube-3.0.10/html/shopping/shipping_edit/1 [] []
[2016-09-01 10:25:48] eccube.INFO: Matched route "shopping_shipping_edit". {"route_parameters":{"_controller":"\\Eccube\\Controller\\ShoppingController::shippingEdit","id":"1","_route":"shopping_shipping_edit"},"request_uri":"http://localhost:8888/eccube-3.0.10/html/shopping/shipping_edit/1"} []
[2016-09-01 10:25:48] eccube.INFO: Populated the TokenStorage with an anonymous Token. [] []
[2016-09-01 10:25:48] eccube.INFO: > GET /eccube-3.0.10/html/shopping/shipping_edit/1 [] []
[2016-09-01 10:25:48] eccube.INFO: Matched route "block_cart". {"route_parameters":{"_controller":"\\Eccube\\Controller\\Block\\CartController::index","_route":"block_cart"},"request_uri":"http://localhost:8888/eccube-3.0.10/html/block/cart"} []
[2016-09-01 10:25:48] eccube.INFO: Matched route "block_search_product". {"route_parameters":{"_controller":"\\Eccube\\Controller\\Block\\SearchProductController::index","_route":"block_search_product"},"request_uri":"http://localhost:8888/eccube-3.0.10/html/block/search_product"} []
[2016-09-01 10:25:48] eccube.INFO: Matched route "block_login". {"route_parameters":{"_controller":"\\Eccube\\Controller\\Block\\LoginController::index","_route":"block_login"},"request_uri":"http://localhost:8888/eccube-3.0.10/html/block/login"} []
[2016-09-01 10:25:48] eccube.INFO: Matched route "block_category". {"route_parameters":{"_controller":"\\Eccube\\Controller\\Block\\CategoryController::index","_route":"block_category"},"request_uri":"http://localhost:8888/eccube-3.0.10/html/block/category"} []
[2016-09-01 10:25:49] eccube.INFO: < 200 [] []
[2016-09-01 10:26:00] eccube.INFO: Matched route "mypage_login". {"route_parameters":{"_controller":"\\Eccube\\Controller\\Mypage\\MypageController::login","_route":"mypage_login"},"request_uri":"http://localhost:8888/eccube-3.0.10/html/mypage/login"} []
[2016-09-01 10:26:00] eccube.INFO: Populated the TokenStorage with an anonymous Token. [] []
[2016-09-01 10:26:00] eccube.INFO: > GET /eccube-3.0.10/html/mypage/login [] []
[2016-09-01 10:26:01] eccube.INFO: Matched route "block_cart". {"route_parameters":{"_controller":"\\Eccube\\Controller\\Block\\CartController::index","_route":"block_cart"},"request_uri":"http://localhost:8888/eccube-3.0.10/html/block/cart"} []
[2016-09-01 10:26:01] eccube.INFO: Matched route "block_search_product". {"route_parameters":{"_controller":"\\Eccube\\Controller\\Block\\SearchProductController::index","_route":"block_search_product"},"request_uri":"http://localhost:8888/eccube-3.0.10/html/block/search_product"} []
[2016-09-01 10:26:01] eccube.INFO: Matched route "block_login". {"route_parameters":{"_controller":"\\Eccube\\Controller\\Block\\LoginController::index","_route":"block_login"},"request_uri":"http://localhost:8888/eccube-3.0.10/html/block/login"} []
[2016-09-01 10:26:01] eccube.INFO: Matched route "block_category". {"route_parameters":{"_controller":"\\Eccube\\Controller\\Block\\CategoryController::index","_route":"block_category"},"request_uri":"http://localhost:8888/eccube-3.0.10/html/block/category"} []
[2016-09-01 10:26:01] eccube.INFO: < 200 [] []
[2016-09-01 10:26:08] eccube.INFO: Matched route "login_check". {"route_parameters":{"_controller":null,"_route":"login_check"},"request_uri":"http://localhost:8888/eccube-3.0.10/html/login_check"} []
[2016-09-01 10:26:08] eccube.INFO: Authentication request failed. {"exception":"[object] (Symfony\\Component\\Security\\Core\\Exception\\BadCredentialsException(code: 0): Bad credentials. at /Applications/MAMP/htdocs/eccube-3.0.10/vendor/symfony/security/Core/Authentication/Provider/UserAuthenticationProvider.php:73, Symfony\\Component\\Security\\Core\\Exception\\UsernameNotFoundException(code: 0): Username \"yayoshi.yuko@rdcl-opti.co.jp\" does not exist. at /Applications/MAMP/htdocs/eccube-3.0.10/src/Eccube/Repository/CustomerRepository.php:101)"} []
[2016-09-01 10:26:08] eccube.INFO: < 302 http://localhost:8888/eccube-3.0.10/html/mypage/login [] []
[2016-09-01 10:26:08] eccube.INFO: Matched route "mypage_login". {"route_parameters":{"_controller":"\\Eccube\\Controller\\Mypage\\MypageController::login","_route":"mypage_login"},"request_uri":"http://localhost:8888/eccube-3.0.10/html/mypage/login"} []
[2016-09-01 10:26:08] eccube.INFO: Populated the TokenStorage with an anonymous Token. [] []
[2016-09-01 10:26:08] eccube.INFO: > GET /eccube-3.0.10/html/mypage/login [] []
[2016-09-01 10:26:08] eccube.INFO: Matched route "block_cart". {"route_parameters":{"_controller":"\\Eccube\\Controller\\Block\\CartController::index","_route":"block_cart"},"request_uri":"http://localhost:8888/eccube-3.0.10/html/block/cart"} []
[2016-09-01 10:26:08] eccube.INFO: Matched route "block_search_product". {"route_parameters":{"_controller":"\\Eccube\\Controller\\Block\\SearchProductController::index","_route":"block_search_product"},"request_uri":"http://localhost:8888/eccube-3.0.10/html/block/search_product"} []
[2016-09-01 10:26:08] eccube.INFO: Matched route "block_login". {"route_parameters":{"_controller":"\\Eccube\\Controller\\Block\\LoginController::index","_route":"block_login"},"request_uri":"http://localhost:8888/eccube-3.0.10/html/block/login"} []
[2016-09-01 10:26:08] eccube.INFO: Matched route "block_category". {"route_parameters":{"_controller":"\\Eccube\\Controller\\Block\\CategoryController::index","_route":"block_category"},"request_uri":"http://localhost:8888/eccube-3.0.10/html/block/category"} []
[2016-09-01 10:26:08] eccube.INFO: < 200 [] []
[2016-09-01 10:26:14] eccube.INFO: Matched route "login_check". {"route_parameters":{"_controller":null,"_route":"login_check"},"request_uri":"http://localhost:8888/eccube-3.0.10/html/login_check"} []
[2016-09-01 10:26:14] eccube.INFO: Authentication request failed. {"exception":"[object] (Symfony\\Component\\Security\\Core\\Exception\\BadCredentialsException(code: 0): Bad credentials. at /Applications/MAMP/htdocs/eccube-3.0.10/vendor/symfony/security/Core/Authentication/Provider/UserAuthenticationProvider.php:73, Symfony\\Component\\Security\\Core\\Exception\\UsernameNotFoundException(code: 0): Username \"yayoshi.yuko@rdcl-opti.co.jp\" does not exist. at /Applications/MAMP/htdocs/eccube-3.0.10/src/Eccube/Repository/CustomerRepository.php:101)"} []
[2016-09-01 10:26:14] eccube.INFO: < 302 http://localhost:8888/eccube-3.0.10/html/mypage/login [] []
[2016-09-01 10:26:15] eccube.INFO: Matched route "mypage_login". {"route_parameters":{"_controller":"\\Eccube\\Controller\\Mypage\\MypageController::login","_route":"mypage_login"},"request_uri":"http://localhost:8888/eccube-3.0.10/html/mypage/login"} []
[2016-09-01 10:26:15] eccube.INFO: Populated the TokenStorage with an anonymous Token. [] []
[2016-09-01 10:26:15] eccube.INFO: > GET /eccube-3.0.10/html/mypage/login [] []
[2016-09-01 10:26:15] eccube.INFO: Matched route "block_cart". {"route_parameters":{"_controller":"\\Eccube\\Controller\\Block\\CartController::index","_route":"block_cart"},"request_uri":"http://localhost:8888/eccube-3.0.10/html/block/cart"} []
[2016-09-01 10:26:15] eccube.INFO: Matched route "block_search_product". {"route_parameters":{"_controller":"\\Eccube\\Controller\\Block\\SearchProductController::index","_route":"block_search_product"},"request_uri":"http://localhost:8888/eccube-3.0.10/html/block/search_product"} []
[2016-09-01 10:26:15] eccube.INFO: Matched route "block_login". {"route_parameters":{"_controller":"\\Eccube\\Controller\\Block\\LoginController::index","_route":"block_login"},"request_uri":"http://localhost:8888/eccube-3.0.10/html/block/login"} []
[2016-09-01 10:26:15] eccube.INFO: Matched route "block_category". {"route_parameters":{"_controller":"\\Eccube\\Controller\\Block\\CategoryController::index","_route":"block_category"},"request_uri":"http://localhost:8888/eccube-3.0.10/html/block/category"} []
[2016-09-01 10:26:15] eccube.INFO: < 200 [] []
[2016-09-01 10:26:23] eccube.INFO: Matched route "forgot". {"route_parameters":{"_controller":"\\Eccube\\Controller\\ForgotController::index","_route":"forgot"},"request_uri":"http://localhost:8888/eccube-3.0.10/html/forgot"} []
[2016-09-01 10:26:23] eccube.INFO: Populated the TokenStorage with an anonymous Token. [] []
[2016-09-01 10:26:23] eccube.INFO: > GET /eccube-3.0.10/html/forgot [] []
[2016-09-01 10:26:23] eccube.INFO: Matched route "block_cart". {"route_parameters":{"_controller":"\\Eccube\\Controller\\Block\\CartController::index","_route":"block_cart"},"request_uri":"http://localhost:8888/eccube-3.0.10/html/block/cart"} []
[2016-09-01 10:26:23] eccube.INFO: Matched route "block_search_product". {"route_parameters":{"_controller":"\\Eccube\\Controller\\Block\\SearchProductController::index","_route":"block_search_product"},"request_uri":"http://localhost:8888/eccube-3.0.10/html/block/search_product"} []
[2016-09-01 10:26:23] eccube.INFO: Matched route "block_login". {"route_parameters":{"_controller":"\\Eccube\\Controller\\Block\\LoginController::index","_route":"block_login"},"request_uri":"http://localhost:8888/eccube-3.0.10/html/block/login"} []
[2016-09-01 10:26:23] eccube.INFO: Matched route "block_category". {"route_parameters":{"_controller":"\\Eccube\\Controller\\Block\\CategoryController::index","_route":"block_category"},"request_uri":"http://localhost:8888/eccube-3.0.10/html/block/category"} []
[2016-09-01 10:26:23] eccube.INFO: < 200 [] []
[2016-09-01 10:26:32] eccube.INFO: Matched route "forgot". {"route_parameters":{"_controller":"\\Eccube\\Controller\\ForgotController::index","_route":"forgot"},"request_uri":"http://localhost:8888/eccube-3.0.10/html/forgot"} []
[2016-09-01 10:26:32] eccube.INFO: Populated the TokenStorage with an anonymous Token. [] []
[2016-09-01 10:26:32] eccube.INFO: > POST /eccube-3.0.10/html/forgot [] []
[2016-09-01 10:26:32] eccube.INFO: < 302 http://localhost:8888/eccube-3.0.10/html/forgot/complete [] []
[2016-09-01 10:26:32] eccube.INFO: Matched route "forgot_complete". {"route_parameters":{"_controller":"\\Eccube\\Controller\\ForgotController::complete","_route":"forgot_complete"},"request_uri":"http://localhost:8888/eccube-3.0.10/html/forgot/complete"} []
[2016-09-01 10:26:32] eccube.INFO: Populated the TokenStorage with an anonymous Token. [] []
[2016-09-01 10:26:32] eccube.INFO: > GET /eccube-3.0.10/html/forgot/complete [] []
[2016-09-01 10:26:32] eccube.INFO: Matched route "block_cart". {"route_parameters":{"_controller":"\\Eccube\\Controller\\Block\\CartController::index","_route":"block_cart"},"request_uri":"http://localhost:8888/eccube-3.0.10/html/block/cart"} []
[2016-09-01 10:26:32] eccube.INFO: Matched route "block_search_product". {"route_parameters":{"_controller":"\\Eccube\\Controller\\Block\\SearchProductController::index","_route":"block_search_product"},"request_uri":"http://localhost:8888/eccube-3.0.10/html/block/search_product"} []
[2016-09-01 10:26:32] eccube.INFO: Matched route "block_login". {"route_parameters":{"_controller":"\\Eccube\\Controller\\Block\\LoginController::index","_route":"block_login"},"request_uri":"http://localhost:8888/eccube-3.0.10/html/block/login"} []
[2016-09-01 10:26:32] eccube.INFO: Matched route "block_category". {"route_parameters":{"_controller":"\\Eccube\\Controller\\Block\\CategoryController::index","_route":"block_category"},"request_uri":"http://localhost:8888/eccube-3.0.10/html/block/category"} []
[2016-09-01 10:26:32] eccube.INFO: < 200 [] []
[2016-09-01 10:26:46] eccube.INFO: Matched route "entry_activate". {"route_parameters":{"_controller":"\\Eccube\\Controller\\EntryController::activate","secret_key":"90LXIT1IXvv0wiidkPeQ7dz9myQ9YGgH","_route":"entry_activate"},"request_uri":"http://localhost:8888/eccube-3.0.10/html/entry/activate/90LXIT1IXvv0wiidkPeQ7dz9myQ9YGgH"} []
[2016-09-01 10:26:46] eccube.INFO: Populated the TokenStorage with an anonymous Token. [] []
[2016-09-01 10:26:46] eccube.INFO: > GET /eccube-3.0.10/html/entry/activate/90LXIT1IXvv0wiidkPeQ7dz9myQ9YGgH [] []
[2016-09-01 10:26:46] eccube.INFO: Matched route "block_cart". {"route_parameters":{"_controller":"\\Eccube\\Controller\\Block\\CartController::index","_route":"block_cart"},"request_uri":"http://localhost:8888/eccube-3.0.10/html/block/cart"} []
[2016-09-01 10:26:46] eccube.INFO: Matched route "block_search_product". {"route_parameters":{"_controller":"\\Eccube\\Controller\\Block\\SearchProductController::index","_route":"block_search_product"},"request_uri":"http://localhost:8888/eccube-3.0.10/html/block/search_product"} []
[2016-09-01 10:26:46] eccube.INFO: Matched route "block_login". {"route_parameters":{"_controller":"\\Eccube\\Controller\\Block\\LoginController::index","_route":"block_login"},"request_uri":"http://localhost:8888/eccube-3.0.10/html/block/login"} []
[2016-09-01 10:26:46] eccube.INFO: Matched route "block_category". {"route_parameters":{"_controller":"\\Eccube\\Controller\\Block\\CategoryController::index","_route":"block_category"},"request_uri":"http://localhost:8888/eccube-3.0.10/html/block/category"} []
[2016-09-01 10:26:46] eccube.INFO: < 200 [] []
[2016-09-01 10:26:48] eccube.INFO: Matched route "homepage". {"route_parameters":{"_controller":"\\Eccube\\Controller\\TopController::index","_route":"homepage"},"request_uri":"http://localhost:8888/eccube-3.0.10/html/"} []
[2016-09-01 10:26:48] eccube.INFO: > GET /eccube-3.0.10/html/ [] []
[2016-09-01 10:26:48] eccube.INFO: Matched route "block_cart". {"route_parameters":{"_controller":"\\Eccube\\Controller\\Block\\CartController::index","_route":"block_cart"},"request_uri":"http://localhost:8888/eccube-3.0.10/html/block/cart"} []
[2016-09-01 10:26:48] eccube.INFO: Matched route "block_search_product". {"route_parameters":{"_controller":"\\Eccube\\Controller\\Block\\SearchProductController::index","_route":"block_search_product"},"request_uri":"http://localhost:8888/eccube-3.0.10/html/block/search_product"} []
[2016-09-01 10:26:48] eccube.INFO: Matched route "block_login". {"route_parameters":{"_controller":"\\Eccube\\Controller\\Block\\LoginController::index","_route":"block_login"},"request_uri":"http://localhost:8888/eccube-3.0.10/html/block/login"} []
[2016-09-01 10:26:48] eccube.INFO: Matched route "block_category". {"route_parameters":{"_controller":"\\Eccube\\Controller\\Block\\CategoryController::index","_route":"block_category"},"request_uri":"http://localhost:8888/eccube-3.0.10/html/block/category"} []
[2016-09-01 10:26:48] eccube.INFO: Matched route "block_news". {"route_parameters":{"_controller":"\\Eccube\\Controller\\Block\\NewsController::index","_route":"block_news"},"request_uri":"http://localhost:8888/eccube-3.0.10/html/block/news"} []
[2016-09-01 10:26:48] eccube.INFO: < 200 [] []
[2016-09-01 10:26:52] eccube.INFO: Matched route "logout". {"route_parameters":{"_controller":null,"_route":"logout"},"request_uri":"http://localhost:8888/eccube-3.0.10/html/logout"} []
[2016-09-01 10:26:52] eccube.INFO: < 302 http://localhost:8888/eccube-3.0.10/html/ [] []
[2016-09-01 10:26:52] eccube.INFO: Matched route "homepage". {"route_parameters":{"_controller":"\\Eccube\\Controller\\TopController::index","_route":"homepage"},"request_uri":"http://localhost:8888/eccube-3.0.10/html/"} []
[2016-09-01 10:26:52] eccube.INFO: Populated the TokenStorage with an anonymous Token. [] []
[2016-09-01 10:26:52] eccube.INFO: > GET /eccube-3.0.10/html/ [] []
[2016-09-01 10:26:52] eccube.INFO: Matched route "block_cart". {"route_parameters":{"_controller":"\\Eccube\\Controller\\Block\\CartController::index","_route":"block_cart"},"request_uri":"http://localhost:8888/eccube-3.0.10/html/block/cart"} []
[2016-09-01 10:26:52] eccube.INFO: Matched route "block_search_product". {"route_parameters":{"_controller":"\\Eccube\\Controller\\Block\\SearchProductController::index","_route":"block_search_product"},"request_uri":"http://localhost:8888/eccube-3.0.10/html/block/search_product"} []
[2016-09-01 10:26:53] eccube.INFO: Matched route "block_login". {"route_parameters":{"_controller":"\\Eccube\\Controller\\Block\\LoginController::index","_route":"block_login"},"request_uri":"http://localhost:8888/eccube-3.0.10/html/block/login"} []
[2016-09-01 10:26:53] eccube.INFO: Matched route "block_category". {"route_parameters":{"_controller":"\\Eccube\\Controller\\Block\\CategoryController::index","_route":"block_category"},"request_uri":"http://localhost:8888/eccube-3.0.10/html/block/category"} []
[2016-09-01 10:26:53] eccube.INFO: Matched route "block_news". {"route_parameters":{"_controller":"\\Eccube\\Controller\\Block\\NewsController::index","_route":"block_news"},"request_uri":"http://localhost:8888/eccube-3.0.10/html/block/news"} []
[2016-09-01 10:26:53] eccube.INFO: < 200 [] []
[2016-09-01 10:26:55] eccube.INFO: Matched route "mypage_login". {"route_parameters":{"_controller":"\\Eccube\\Controller\\Mypage\\MypageController::login","_route":"mypage_login"},"request_uri":"http://localhost:8888/eccube-3.0.10/html/mypage/login"} []
[2016-09-01 10:26:55] eccube.INFO: Populated the TokenStorage with an anonymous Token. [] []
[2016-09-01 10:26:55] eccube.INFO: > GET /eccube-3.0.10/html/mypage/login [] []
[2016-09-01 10:26:55] eccube.INFO: Matched route "block_cart". {"route_parameters":{"_controller":"\\Eccube\\Controller\\Block\\CartController::index","_route":"block_cart"},"request_uri":"http://localhost:8888/eccube-3.0.10/html/block/cart"} []
[2016-09-01 10:26:55] eccube.INFO: Matched route "block_search_product". {"route_parameters":{"_controller":"\\Eccube\\Controller\\Block\\SearchProductController::index","_route":"block_search_product"},"request_uri":"http://localhost:8888/eccube-3.0.10/html/block/search_product"} []
[2016-09-01 10:26:55] eccube.INFO: Matched route "block_login". {"route_parameters":{"_controller":"\\Eccube\\Controller\\Block\\LoginController::index","_route":"block_login"},"request_uri":"http://localhost:8888/eccube-3.0.10/html/block/login"} []
[2016-09-01 10:26:55] eccube.INFO: Matched route "block_category". {"route_parameters":{"_controller":"\\Eccube\\Controller\\Block\\CategoryController::index","_route":"block_category"},"request_uri":"http://localhost:8888/eccube-3.0.10/html/block/category"} []
[2016-09-01 10:26:55] eccube.INFO: < 200 [] []
[2016-09-01 10:27:03] eccube.INFO: Matched route "login_check". {"route_parameters":{"_controller":null,"_route":"login_check"},"request_uri":"http://localhost:8888/eccube-3.0.10/html/login_check"} []
[2016-09-01 10:27:03] eccube.INFO: User has been authenticated successfully. {"username":"yayoshi.yuko@rdcl-opti.co.jp"} []
[2016-09-01 10:27:03] eccube.INFO: < 302 http://localhost:8888/eccube-3.0.10/html/ [] []
[2016-09-01 10:27:03] eccube.INFO: Matched route "homepage". {"route_parameters":{"_controller":"\\Eccube\\Controller\\TopController::index","_route":"homepage"},"request_uri":"http://localhost:8888/eccube-3.0.10/html/"} []
[2016-09-01 10:27:03] eccube.INFO: > GET /eccube-3.0.10/html/ [] []
[2016-09-01 10:27:03] eccube.INFO: Matched route "block_cart". {"route_parameters":{"_controller":"\\Eccube\\Controller\\Block\\CartController::index","_route":"block_cart"},"request_uri":"http://localhost:8888/eccube-3.0.10/html/block/cart"} []
[2016-09-01 10:27:03] eccube.INFO: Matched route "block_search_product". {"route_parameters":{"_controller":"\\Eccube\\Controller\\Block\\SearchProductController::index","_route":"block_search_product"},"request_uri":"http://localhost:8888/eccube-3.0.10/html/block/search_product"} []
[2016-09-01 10:27:03] eccube.INFO: Matched route "block_login". {"route_parameters":{"_controller":"\\Eccube\\Controller\\Block\\LoginController::index","_route":"block_login"},"request_uri":"http://localhost:8888/eccube-3.0.10/html/block/login"} []
[2016-09-01 10:27:03] eccube.INFO: Matched route "block_category". {"route_parameters":{"_controller":"\\Eccube\\Controller\\Block\\CategoryController::index","_route":"block_category"},"request_uri":"http://localhost:8888/eccube-3.0.10/html/block/category"} []
[2016-09-01 10:27:03] eccube.INFO: Matched route "block_news". {"route_parameters":{"_controller":"\\Eccube\\Controller\\Block\\NewsController::index","_route":"block_news"},"request_uri":"http://localhost:8888/eccube-3.0.10/html/block/news"} []
[2016-09-01 10:27:03] eccube.INFO: < 200 [] []
[2016-09-01 10:27:09] eccube.INFO: Matched route "product_detail". {"route_parameters":{"_controller":"\\Eccube\\Controller\\ProductController::detail","id":"2","_route":"product_detail"},"request_uri":"http://localhost:8888/eccube-3.0.10/html/products/detail/2"} []
[2016-09-01 10:27:10] eccube.INFO: > GET /eccube-3.0.10/html/products/detail/2 [] []
[2016-09-01 10:27:10] eccube.INFO: Matched route "block_cart". {"route_parameters":{"_controller":"\\Eccube\\Controller\\Block\\CartController::index","_route":"block_cart"},"request_uri":"http://localhost:8888/eccube-3.0.10/html/block/cart"} []
[2016-09-01 10:27:10] eccube.INFO: Matched route "block_search_product". {"route_parameters":{"_controller":"\\Eccube\\Controller\\Block\\SearchProductController::index","_route":"block_search_product"},"request_uri":"http://localhost:8888/eccube-3.0.10/html/block/search_product"} []
[2016-09-01 10:27:10] eccube.INFO: Matched route "block_login". {"route_parameters":{"_controller":"\\Eccube\\Controller\\Block\\LoginController::index","_route":"block_login"},"request_uri":"http://localhost:8888/eccube-3.0.10/html/block/login"} []
[2016-09-01 10:27:10] eccube.INFO: Matched route "block_category". {"route_parameters":{"_controller":"\\Eccube\\Controller\\Block\\CategoryController::index","_route":"block_category"},"request_uri":"http://localhost:8888/eccube-3.0.10/html/block/category"} []
[2016-09-01 10:27:10] eccube.INFO: < 200 [] []
[2016-09-01 10:27:11] eccube.INFO: Matched route "product_detail". {"route_parameters":{"_controller":"\\Eccube\\Controller\\ProductController::detail","id":"2","_route":"product_detail"},"request_uri":"http://localhost:8888/eccube-3.0.10/html/products/detail/2"} []
[2016-09-01 10:27:11] eccube.INFO: > POST /eccube-3.0.10/html/products/detail/2? [] []
[2016-09-01 10:27:11] eccube.INFO: < 302 http://localhost:8888/eccube-3.0.10/html/cart [] []
[2016-09-01 10:27:11] eccube.INFO: Matched route "cart". {"route_parameters":{"_controller":"\\Eccube\\Controller\\CartController::index","_route":"cart"},"request_uri":"http://localhost:8888/eccube-3.0.10/html/cart"} []
[2016-09-01 10:27:11] eccube.INFO: > GET /eccube-3.0.10/html/cart [] []
[2016-09-01 10:27:11] eccube.INFO: Matched route "block_cart". {"route_parameters":{"_controller":"\\Eccube\\Controller\\Block\\CartController::index","_route":"block_cart"},"request_uri":"http://localhost:8888/eccube-3.0.10/html/block/cart"} []
[2016-09-01 10:27:11] eccube.INFO: Matched route "block_search_product". {"route_parameters":{"_controller":"\\Eccube\\Controller\\Block\\SearchProductController::index","_route":"block_search_product"},"request_uri":"http://localhost:8888/eccube-3.0.10/html/block/search_product"} []
[2016-09-01 10:27:12] eccube.INFO: Matched route "block_login". {"route_parameters":{"_controller":"\\Eccube\\Controller\\Block\\LoginController::index","_route":"block_login"},"request_uri":"http://localhost:8888/eccube-3.0.10/html/block/login"} []
[2016-09-01 10:27:12] eccube.INFO: Matched route "block_category". {"route_parameters":{"_controller":"\\Eccube\\Controller\\Block\\CategoryController::index","_route":"block_category"},"request_uri":"http://localhost:8888/eccube-3.0.10/html/block/category"} []
[2016-09-01 10:27:12] eccube.INFO: < 200 [] []
[2016-09-01 10:27:13] eccube.INFO: Matched route "cart_buystep". {"route_parameters":{"_controller":"\\Eccube\\Controller\\CartController::buystep","_route":"cart_buystep"},"request_uri":"http://localhost:8888/eccube-3.0.10/html/cart/buystep"} []
[2016-09-01 10:27:13] eccube.INFO: > GET /eccube-3.0.10/html/cart/buystep [] []
[2016-09-01 10:27:13] eccube.INFO: < 302 http://localhost:8888/eccube-3.0.10/html/shopping [] []
[2016-09-01 10:27:13] eccube.INFO: Matched route "shopping". {"route_parameters":{"_controller":"\\Eccube\\Controller\\ShoppingController::index","_route":"shopping"},"request_uri":"http://localhost:8888/eccube-3.0.10/html/shopping"} []
[2016-09-01 10:27:13] eccube.INFO: > GET /eccube-3.0.10/html/shopping [] []
[2016-09-01 10:27:13] eccube.INFO: Matched route "block_cart". {"route_parameters":{"_controller":"\\Eccube\\Controller\\Block\\CartController::index","_route":"block_cart"},"request_uri":"http://localhost:8888/eccube-3.0.10/html/block/cart"} []
[2016-09-01 10:27:14] eccube.INFO: Matched route "block_search_product". {"route_parameters":{"_controller":"\\Eccube\\Controller\\Block\\SearchProductController::index","_route":"block_search_product"},"request_uri":"http://localhost:8888/eccube-3.0.10/html/block/search_product"} []
[2016-09-01 10:27:14] eccube.INFO: Matched route "block_login". {"route_parameters":{"_controller":"\\Eccube\\Controller\\Block\\LoginController::index","_route":"block_login"},"request_uri":"http://localhost:8888/eccube-3.0.10/html/block/login"} []
[2016-09-01 10:27:14] eccube.INFO: Matched route "block_category". {"route_parameters":{"_controller":"\\Eccube\\Controller\\Block\\CategoryController::index","_route":"block_category"},"request_uri":"http://localhost:8888/eccube-3.0.10/html/block/category"} []
[2016-09-01 10:27:14] eccube.INFO: < 200 [] []
[2016-09-01 10:27:16] eccube.INFO: Matched route "shopping_shipping_change". {"route_parameters":{"_controller":"\\Eccube\\Controller\\ShoppingController::shippingChange","id":"2","_route":"shopping_shipping_change"},"request_uri":"http://localhost:8888/eccube-3.0.10/html/shopping/shipping_change/2"} []
[2016-09-01 10:27:16] eccube.INFO: > POST /eccube-3.0.10/html/shopping/shipping_change/2 [] []
[2016-09-01 10:27:16] eccube.INFO: < 302 http://localhost:8888/eccube-3.0.10/html/shopping/shipping/2 [] []
[2016-09-01 10:27:16] eccube.INFO: Matched route "shopping_shipping". {"route_parameters":{"_controller":"\\Eccube\\Controller\\ShoppingController::shipping","id":"2","_route":"shopping_shipping"},"request_uri":"http://localhost:8888/eccube-3.0.10/html/shopping/shipping/2"} []
[2016-09-01 10:27:16] eccube.INFO: > GET /eccube-3.0.10/html/shopping/shipping/2 [] []
[2016-09-01 10:27:16] eccube.INFO: Matched route "block_cart". {"route_parameters":{"_controller":"\\Eccube\\Controller\\Block\\CartController::index","_route":"block_cart"},"request_uri":"http://localhost:8888/eccube-3.0.10/html/block/cart"} []
[2016-09-01 10:27:16] eccube.INFO: Matched route "block_search_product". {"route_parameters":{"_controller":"\\Eccube\\Controller\\Block\\SearchProductController::index","_route":"block_search_product"},"request_uri":"http://localhost:8888/eccube-3.0.10/html/block/search_product"} []
[2016-09-01 10:27:17] eccube.INFO: Matched route "block_login". {"route_parameters":{"_controller":"\\Eccube\\Controller\\Block\\LoginController::index","_route":"block_login"},"request_uri":"http://localhost:8888/eccube-3.0.10/html/block/login"} []
[2016-09-01 10:27:17] eccube.INFO: Matched route "block_category". {"route_parameters":{"_controller":"\\Eccube\\Controller\\Block\\CategoryController::index","_route":"block_category"},"request_uri":"http://localhost:8888/eccube-3.0.10/html/block/category"} []
[2016-09-01 10:27:17] eccube.INFO: < 200 [] []
[2016-09-01 10:38:28] eccube.INFO: Matched route "shopping_shipping_edit". {"route_parameters":{"_controller":"\\Eccube\\Controller\\ShoppingController::shippingEdit","id":"2","_route":"shopping_shipping_edit"},"request_uri":"http://localhost:8888/eccube-3.0.10/html/shopping/shipping_edit/2"} []
[2016-09-01 10:38:28] eccube.INFO: > GET /eccube-3.0.10/html/shopping/shipping_edit/2 [] []
[2016-09-01 10:38:28] eccube.INFO: Matched route "block_cart". {"route_parameters":{"_controller":"\\Eccube\\Controller\\Block\\CartController::index","_route":"block_cart"},"request_uri":"http://localhost:8888/eccube-3.0.10/html/block/cart"} []
[2016-09-01 10:38:28] eccube.INFO: Matched route "block_search_product". {"route_parameters":{"_controller":"\\Eccube\\Controller\\Block\\SearchProductController::index","_route":"block_search_product"},"request_uri":"http://localhost:8888/eccube-3.0.10/html/block/search_product"} []
[2016-09-01 10:38:28] eccube.INFO: Matched route "block_login". {"route_parameters":{"_controller":"\\Eccube\\Controller\\Block\\LoginController::index","_route":"block_login"},"request_uri":"http://localhost:8888/eccube-3.0.10/html/block/login"} []
[2016-09-01 10:38:28] eccube.INFO: Matched route "block_category". {"route_parameters":{"_controller":"\\Eccube\\Controller\\Block\\CategoryController::index","_route":"block_category"},"request_uri":"http://localhost:8888/eccube-3.0.10/html/block/category"} []
[2016-09-01 10:38:28] eccube.INFO: < 200 [] []
[2016-09-01 10:39:25] eccube.INFO: Matched route "shopping_shipping_edit". {"route_parameters":{"_controller":"\\Eccube\\Controller\\ShoppingController::shippingEdit","id":"2","_route":"shopping_shipping_edit"},"request_uri":"http://localhost:8888/eccube-3.0.10/html/shopping/shipping_edit/2"} []
[2016-09-01 10:39:25] eccube.INFO: > POST /eccube-3.0.10/html/shopping/shipping_edit/2 [] []
[2016-09-01 10:39:26] eccube.INFO: < 302 http://localhost:8888/eccube-3.0.10/html/shopping [] []
[2016-09-01 10:39:26] eccube.INFO: Matched route "shopping". {"route_parameters":{"_controller":"\\Eccube\\Controller\\ShoppingController::index","_route":"shopping"},"request_uri":"http://localhost:8888/eccube-3.0.10/html/shopping"} []
[2016-09-01 10:39:26] eccube.INFO: > GET /eccube-3.0.10/html/shopping [] []
[2016-09-01 10:39:26] eccube.INFO: Matched route "block_cart". {"route_parameters":{"_controller":"\\Eccube\\Controller\\Block\\CartController::index","_route":"block_cart"},"request_uri":"http://localhost:8888/eccube-3.0.10/html/block/cart"} []
[2016-09-01 10:39:26] eccube.INFO: Matched route "block_search_product". {"route_parameters":{"_controller":"\\Eccube\\Controller\\Block\\SearchProductController::index","_route":"block_search_product"},"request_uri":"http://localhost:8888/eccube-3.0.10/html/block/search_product"} []
[2016-09-01 10:39:26] eccube.INFO: Matched route "block_login". {"route_parameters":{"_controller":"\\Eccube\\Controller\\Block\\LoginController::index","_route":"block_login"},"request_uri":"http://localhost:8888/eccube-3.0.10/html/block/login"} []
[2016-09-01 10:39:26] eccube.INFO: Matched route "block_category". {"route_parameters":{"_controller":"\\Eccube\\Controller\\Block\\CategoryController::index","_route":"block_category"},"request_uri":"http://localhost:8888/eccube-3.0.10/html/block/category"} []
[2016-09-01 10:39:26] eccube.INFO: < 200 [] []
[2016-09-01 10:39:32] eccube.INFO: Matched route "mypage". {"route_parameters":{"_controller":"\\Eccube\\Controller\\Mypage\\MypageController::index","_route":"mypage"},"request_uri":"http://localhost:8888/eccube-3.0.10/html/mypage"} []
[2016-09-01 10:39:32] eccube.INFO: > GET /eccube-3.0.10/html/mypage [] []
[2016-09-01 10:39:32] eccube.INFO: Matched route "block_cart". {"route_parameters":{"_controller":"\\Eccube\\Controller\\Block\\CartController::index","_route":"block_cart"},"request_uri":"http://localhost:8888/eccube-3.0.10/html/block/cart"} []
[2016-09-01 10:39:32] eccube.INFO: Matched route "block_search_product". {"route_parameters":{"_controller":"\\Eccube\\Controller\\Block\\SearchProductController::index","_route":"block_search_product"},"request_uri":"http://localhost:8888/eccube-3.0.10/html/block/search_product"} []
[2016-09-01 10:39:32] eccube.INFO: Matched route "block_login". {"route_parameters":{"_controller":"\\Eccube\\Controller\\Block\\LoginController::index","_route":"block_login"},"request_uri":"http://localhost:8888/eccube-3.0.10/html/block/login"} []
[2016-09-01 10:39:32] eccube.INFO: Matched route "block_category". {"route_parameters":{"_controller":"\\Eccube\\Controller\\Block\\CategoryController::index","_route":"block_category"},"request_uri":"http://localhost:8888/eccube-3.0.10/html/block/category"} []
[2016-09-01 10:39:32] eccube.INFO: < 200 [] []
[2016-09-01 10:39:35] eccube.INFO: Matched route "mypage_change". {"route_parameters":{"_controller":"\\Eccube\\Controller\\Mypage\\ChangeController::index","_route":"mypage_change"},"request_uri":"http://localhost:8888/eccube-3.0.10/html/mypage/change"} []
[2016-09-01 10:39:35] eccube.INFO: > GET /eccube-3.0.10/html/mypage/change [] []
[2016-09-01 10:39:35] eccube.INFO: Matched route "block_cart". {"route_parameters":{"_controller":"\\Eccube\\Controller\\Block\\CartController::index","_route":"block_cart"},"request_uri":"http://localhost:8888/eccube-3.0.10/html/block/cart"} []
[2016-09-01 10:39:35] eccube.INFO: Matched route "block_search_product". {"route_parameters":{"_controller":"\\Eccube\\Controller\\Block\\SearchProductController::index","_route":"block_search_product"},"request_uri":"http://localhost:8888/eccube-3.0.10/html/block/search_product"} []
[2016-09-01 10:39:35] eccube.INFO: Matched route "block_login". {"route_parameters":{"_controller":"\\Eccube\\Controller\\Block\\LoginController::index","_route":"block_login"},"request_uri":"http://localhost:8888/eccube-3.0.10/html/block/login"} []
[2016-09-01 10:39:35] eccube.INFO: Matched route "block_category". {"route_parameters":{"_controller":"\\Eccube\\Controller\\Block\\CategoryController::index","_route":"block_category"},"request_uri":"http://localhost:8888/eccube-3.0.10/html/block/category"} []
[2016-09-01 10:39:35] eccube.INFO: < 200 [] []
[2016-09-01 10:39:37] eccube.INFO: Matched route "mypage_delivery". {"route_parameters":{"_controller":"\\Eccube\\Controller\\Mypage\\DeliveryController::index","_route":"mypage_delivery"},"request_uri":"http://localhost:8888/eccube-3.0.10/html/mypage/delivery"} []
[2016-09-01 10:39:37] eccube.INFO: > GET /eccube-3.0.10/html/mypage/delivery [] []
[2016-09-01 10:39:37] eccube.INFO: Matched route "block_cart". {"route_parameters":{"_controller":"\\Eccube\\Controller\\Block\\CartController::index","_route":"block_cart"},"request_uri":"http://localhost:8888/eccube-3.0.10/html/block/cart"} []
[2016-09-01 10:39:37] eccube.INFO: Matched route "block_search_product". {"route_parameters":{"_controller":"\\Eccube\\Controller\\Block\\SearchProductController::index","_route":"block_search_product"},"request_uri":"http://localhost:8888/eccube-3.0.10/html/block/search_product"} []
[2016-09-01 10:39:37] eccube.INFO: Matched route "block_login". {"route_parameters":{"_controller":"\\Eccube\\Controller\\Block\\LoginController::index","_route":"block_login"},"request_uri":"http://localhost:8888/eccube-3.0.10/html/block/login"} []
[2016-09-01 10:39:37] eccube.INFO: Matched route "block_category". {"route_parameters":{"_controller":"\\Eccube\\Controller\\Block\\CategoryController::index","_route":"block_category"},"request_uri":"http://localhost:8888/eccube-3.0.10/html/block/category"} []
[2016-09-01 10:39:37] eccube.INFO: < 200 [] []
[2016-09-01 10:41:40] eccube.INFO: Matched route "admin_content_page". {"route_parameters":{"_controller":"\\Eccube\\Controller\\Admin\\Content\\PageController::index","_route":"admin_content_page"},"request_uri":"http://localhost:8888/eccube-3.0.10/html/admin/content/page"} []
[2016-09-01 10:41:40] eccube.INFO: Populated the TokenStorage with an anonymous Token. [] []
[2016-09-01 10:41:40] eccube.INFO: Matched route "admin_login". {"route_parameters":{"_controller":"\\Eccube\\Controller\\Admin\\AdminController::login","_route":"admin_login"},"request_uri":"http://localhost:8888/eccube-3.0.10/html/admin/login"} []
[2016-09-01 10:41:40] eccube.INFO: < 401 [] []
[2016-09-01 10:41:56] eccube.INFO: Matched route "admin_login_check". {"route_parameters":{"_controller":null,"_route":"admin_login_check"},"request_uri":"http://localhost:8888/eccube-3.0.10/html/admin/login_check"} []
[2016-09-01 10:41:56] eccube.INFO: User has been authenticated successfully. {"username":"admin"} []
[2016-09-01 10:41:56] eccube.INFO: < 302 http://localhost:8888/eccube-3.0.10/html/admin/content/page [] []
[2016-09-01 10:41:56] eccube.INFO: Matched route "admin_content_page". {"route_parameters":{"_controller":"\\Eccube\\Controller\\Admin\\Content\\PageController::index","_route":"admin_content_page"},"request_uri":"http://localhost:8888/eccube-3.0.10/html/admin/content/page"} []
[2016-09-01 10:41:56] eccube.INFO: > GET /eccube-3.0.10/html/admin/content/page [] []
[2016-09-01 10:41:56] eccube.INFO: < 200 [] []
[2016-09-01 10:42:35] eccube.INFO: Matched route "admin_content_layout_edit". {"route_parameters":{"_controller":"\\Eccube\\Controller\\Admin\\Content\\LayoutController::index","id":"24","_route":"admin_content_layout_edit"},"request_uri":"http://localhost:8888/eccube-3.0.10/html/admin/content/layout/24/edit"} []
[2016-09-01 10:42:35] eccube.INFO: > GET /eccube-3.0.10/html/admin/content/layout/24/edit [] []
[2016-09-01 10:42:35] eccube.INFO: < 200 [] []
[2016-09-01 10:42:40] eccube.INFO: Matched route "admin_content_page_edit". {"route_parameters":{"_controller":"\\Eccube\\Controller\\Admin\\Content\\PageController::edit","id":"24","_route":"admin_content_page_edit"},"request_uri":"http://localhost:8888/eccube-3.0.10/html/admin/content/page/24/edit"} []
[2016-09-01 10:42:40] eccube.INFO: > GET /eccube-3.0.10/html/admin/content/page/24/edit [] []
[2016-09-01 10:42:40] eccube.INFO: < 200 [] []
[2016-09-01 10:42:47] eccube.INFO: Matched route "admin_content_file". {"route_parameters":{"_controller":"\\Eccube\\Controller\\Admin\\Content\\FileController::index","_route":"admin_content_file"},"request_uri":"http://localhost:8888/eccube-3.0.10/html/admin/content/file_manager"} []
[2016-09-01 10:42:47] eccube.INFO: > GET /eccube-3.0.10/html/admin/content/file_manager [] []
[2016-09-01 10:42:47] eccube.INFO: < 200 [] []
[2016-09-01 10:42:51] eccube.INFO: Matched route "admin_content_news". {"route_parameters":{"_controller":"\\Eccube\\Controller\\Admin\\Content\\NewsController::index","_route":"admin_content_news"},"request_uri":"http://localhost:8888/eccube-3.0.10/html/admin/content/news"} []
[2016-09-01 10:42:51] eccube.INFO: > GET /eccube-3.0.10/html/admin/content/news [] []
[2016-09-01 10:42:52] eccube.INFO: < 200 [] []
[2016-09-01 10:43:05] eccube.INFO: Matched route "admin_setting_shop_delivery". {"route_parameters":{"_controller":"\\Eccube\\Controller\\Admin\\Setting\\Shop\\DeliveryController::index","_route":"admin_setting_shop_delivery"},"request_uri":"http://localhost:8888/eccube-3.0.10/html/admin/setting/shop/delivery"} []
[2016-09-01 10:43:05] eccube.INFO: > GET /eccube-3.0.10/html/admin/setting/shop/delivery [] []
[2016-09-01 10:43:05] eccube.INFO: < 200 [] []
[2016-09-01 10:43:16] eccube.INFO: Matched route "admin_setting_shop_delivery". {"route_parameters":{"_controller":"\\Eccube\\Controller\\Admin\\Setting\\Shop\\DeliveryController::index","_route":"admin_setting_shop_delivery"},"request_uri":"http://localhost:8888/eccube-3.0.10/html/admin/setting/shop/delivery"} []
[2016-09-01 10:43:16] eccube.INFO: > GET /eccube-3.0.10/html/admin/setting/shop/delivery [] []
[2016-09-01 10:43:16] eccube.INFO: < 200 [] []
[2016-09-01 10:43:22] eccube.INFO: Matched route "admin_content_page". {"route_parameters":{"_controller":"\\Eccube\\Controller\\Admin\\Content\\PageController::index","_route":"admin_content_page"},"request_uri":"http://localhost:8888/eccube-3.0.10/html/admin/content/page"} []
[2016-09-01 10:43:22] eccube.INFO: > GET /eccube-3.0.10/html/admin/content/page [] []
[2016-09-01 10:43:22] eccube.INFO: < 200 [] []
[2016-09-01 10:43:24] eccube.INFO: Matched route "admin_content_block". {"route_parameters":{"_controller":"\\Eccube\\Controller\\Admin\\Content\\BlockController::index","_route":"admin_content_block"},"request_uri":"http://localhost:8888/eccube-3.0.10/html/admin/content/block"} []
[2016-09-01 10:43:24] eccube.INFO: > GET /eccube-3.0.10/html/admin/content/block [] []
[2016-09-01 10:43:24] eccube.INFO: < 200 [] []
[2016-09-01 10:43:31] eccube.INFO: Matched route "admin_content_block_edit". {"route_parameters":{"_controller":"\\Eccube\\Controller\\Admin\\Content\\BlockController::edit","id":"2","_route":"admin_content_block_edit"},"request_uri":"http://localhost:8888/eccube-3.0.10/html/admin/content/block/2/edit"} []
[2016-09-01 10:43:31] eccube.INFO: > GET /eccube-3.0.10/html/admin/content/block/2/edit [] []
[2016-09-01 10:43:31] eccube.INFO: < 200 [] []
[2016-09-01 10:43:39] eccube.INFO: Matched route "admin_content_file". {"route_parameters":{"_controller":"\\Eccube\\Controller\\Admin\\Content\\FileController::index","_route":"admin_content_file"},"request_uri":"http://localhost:8888/eccube-3.0.10/html/admin/content/file_manager"} []
[2016-09-01 10:43:39] eccube.INFO: > GET /eccube-3.0.10/html/admin/content/file_manager [] []
[2016-09-01 10:43:40] eccube.INFO: < 200 [] []
[2016-09-01 10:43:41] eccube.INFO: Matched route "admin_content_page". {"route_parameters":{"_controller":"\\Eccube\\Controller\\Admin\\Content\\PageController::index","_route":"admin_content_page"},"request_uri":"http://localhost:8888/eccube-3.0.10/html/admin/content/page"} []
[2016-09-01 10:43:41] eccube.INFO: > GET /eccube-3.0.10/html/admin/content/page [] []
[2016-09-01 10:43:41] eccube.INFO: < 200 [] []
[2016-09-01 10:43:57] eccube.INFO: Matched route "admin_content_page_edit". {"route_parameters":{"_controller":"\\Eccube\\Controller\\Admin\\Content\\PageController::edit","id":"8","_route":"admin_content_page_edit"},"request_uri":"http://localhost:8888/eccube-3.0.10/html/admin/content/page/8/edit"} []
[2016-09-01 10:43:57] eccube.INFO: > GET /eccube-3.0.10/html/admin/content/page/8/edit [] []
[2016-09-01 10:43:58] eccube.INFO: < 200 [] []
[2016-09-01 10:44:20] eccube.INFO: Matched route "admin_order_new". {"route_parameters":{"_controller":"\\Eccube\\Controller\\Admin\\Order\\EditController::index","_route":"admin_order_new"},"request_uri":"http://localhost:8888/eccube-3.0.10/html/admin/order/new"} []
[2016-09-01 10:44:20] eccube.INFO: > GET /eccube-3.0.10/html/admin/order/new [] []
[2016-09-01 10:44:21] eccube.INFO: < 200 [] []
[2016-09-01 10:44:47] eccube.INFO: Matched route "admin_homepage". {"route_parameters":{"_controller":"\\Eccube\\Controller\\Admin\\AdminController::index","_route":"admin_homepage"},"request_uri":"http://localhost:8888/eccube-3.0.10/html/admin/"} []
[2016-09-01 10:44:47] eccube.INFO: > GET /eccube-3.0.10/html/admin/ [] []
[2016-09-01 10:44:47] eccube.INFO: < 200 [] []
[2016-09-01 10:45:35] eccube.INFO: Matched route "admin_homepage". {"route_parameters":{"_controller":"\\Eccube\\Controller\\Admin\\AdminController::index","_route":"admin_homepage"},"request_uri":"http://localhost:8888/eccube-3.0.10/html/admin/"} []
[2016-09-01 10:45:35] eccube.INFO: > GET /eccube-3.0.10/html/admin/ [] []
[2016-09-01 10:45:35] eccube.INFO: < 200 [] []
[2016-09-01 10:48:42] eccube.INFO: Matched route "admin_homepage". {"route_parameters":{"_controller":"\\Eccube\\Controller\\Admin\\AdminController::index","_route":"admin_homepage"},"request_uri":"http://localhost:8888/eccube-3.0.10/html/admin/"} []
[2016-09-01 10:48:42] eccube.INFO: > GET /eccube-3.0.10/html/admin/ [] []
[2016-09-01 10:48:42] eccube.INFO: < 200 [] []
[2016-09-01 10:49:56] eccube.INFO: Matched route "admin_content_page". {"route_parameters":{"_controller":"\\Eccube\\Controller\\Admin\\Content\\PageController::index","_route":"admin_content_page"},"request_uri":"http://localhost:8888/eccube-3.0.10/html/admin/content/page"} []
[2016-09-01 10:49:56] eccube.INFO: > GET /eccube-3.0.10/html/admin/content/page [] []
[2016-09-01 10:49:57] eccube.INFO: < 200 [] []
[2016-09-01 10:50:10] eccube.INFO: Matched route "admin_content_page_edit". {"route_parameters":{"_controller":"\\Eccube\\Controller\\Admin\\Content\\PageController::edit","id":"25","_route":"admin_content_page_edit"},"request_uri":"http://localhost:8888/eccube-3.0.10/html/admin/content/page/25/edit"} []
[2016-09-01 10:50:10] eccube.INFO: > GET /eccube-3.0.10/html/admin/content/page/25/edit [] []
[2016-09-01 10:50:10] eccube.INFO: < 200 [] []
[2016-09-01 10:50:32] eccube.INFO: Matched route "admin_content_page_edit". {"route_parameters":{"_controller":"\\Eccube\\Controller\\Admin\\Content\\PageController::edit","id":"24","_route":"admin_content_page_edit"},"request_uri":"http://localhost:8888/eccube-3.0.10/html/admin/content/page/24/edit"} []
[2016-09-01 10:50:32] eccube.INFO: > GET /eccube-3.0.10/html/admin/content/page/24/edit [] []
[2016-09-01 10:50:32] eccube.INFO: < 200 [] []
[2016-09-01 10:50:42] eccube.INFO: Matched route "admin_content_layout_edit". {"route_parameters":{"_controller":"\\Eccube\\Controller\\Admin\\Content\\LayoutController::index","id":"24","_route":"admin_content_layout_edit"},"request_uri":"http://localhost:8888/eccube-3.0.10/html/admin/content/layout/24/edit"} []
[2016-09-01 10:50:42] eccube.INFO: > GET /eccube-3.0.10/html/admin/content/layout/24/edit [] []
[2016-09-01 10:50:42] eccube.INFO: < 200 [] []
[2016-09-01 11:09:02] eccube.INFO: Matched route "cart". {"route_parameters":{"_controller":"\\Eccube\\Controller\\CartController::index","_route":"cart"},"request_uri":"http://localhost:8888/eccube-3.0.10/html/cart"} []
[2016-09-01 11:09:02] eccube.INFO: > GET /eccube-3.0.10/html/cart [] []
[2016-09-01 11:09:02] eccube.INFO: Matched route "block_cart". {"route_parameters":{"_controller":"\\Eccube\\Controller\\Block\\CartController::index","_route":"block_cart"},"request_uri":"http://localhost:8888/eccube-3.0.10/html/block/cart"} []
[2016-09-01 11:09:02] eccube.INFO: Matched route "block_search_product". {"route_parameters":{"_controller":"\\Eccube\\Controller\\Block\\SearchProductController::index","_route":"block_search_product"},"request_uri":"http://localhost:8888/eccube-3.0.10/html/block/search_product"} []
[2016-09-01 11:09:03] eccube.INFO: Matched route "block_login". {"route_parameters":{"_controller":"\\Eccube\\Controller\\Block\\LoginController::index","_route":"block_login"},"request_uri":"http://localhost:8888/eccube-3.0.10/html/block/login"} []
[2016-09-01 11:09:03] eccube.INFO: Matched route "block_category". {"route_parameters":{"_controller":"\\Eccube\\Controller\\Block\\CategoryController::index","_route":"block_category"},"request_uri":"http://localhost:8888/eccube-3.0.10/html/block/category"} []
[2016-09-01 11:09:03] eccube.INFO: < 200 [] []
[2016-09-01 11:09:05] eccube.INFO: Matched route "cart_buystep". {"route_parameters":{"_controller":"\\Eccube\\Controller\\CartController::buystep","_route":"cart_buystep"},"request_uri":"http://localhost:8888/eccube-3.0.10/html/cart/buystep"} []
[2016-09-01 11:09:05] eccube.INFO: > GET /eccube-3.0.10/html/cart/buystep [] []
[2016-09-01 11:09:05] eccube.INFO: < 302 http://localhost:8888/eccube-3.0.10/html/shopping [] []
[2016-09-01 11:09:05] eccube.INFO: Matched route "shopping". {"route_parameters":{"_controller":"\\Eccube\\Controller\\ShoppingController::index","_route":"shopping"},"request_uri":"http://localhost:8888/eccube-3.0.10/html/shopping"} []
[2016-09-01 11:09:05] eccube.INFO: > GET /eccube-3.0.10/html/shopping [] []
[2016-09-01 11:09:05] eccube.INFO: Matched route "block_cart". {"route_parameters":{"_controller":"\\Eccube\\Controller\\Block\\CartController::index","_route":"block_cart"},"request_uri":"http://localhost:8888/eccube-3.0.10/html/block/cart"} []
[2016-09-01 11:09:05] eccube.INFO: Matched route "block_search_product". {"route_parameters":{"_controller":"\\Eccube\\Controller\\Block\\SearchProductController::index","_route":"block_search_product"},"request_uri":"http://localhost:8888/eccube-3.0.10/html/block/search_product"} []
[2016-09-01 11:09:05] eccube.INFO: Matched route "block_login". {"route_parameters":{"_controller":"\\Eccube\\Controller\\Block\\LoginController::index","_route":"block_login"},"request_uri":"http://localhost:8888/eccube-3.0.10/html/block/login"} []
[2016-09-01 11:09:05] eccube.INFO: Matched route "block_category". {"route_parameters":{"_controller":"\\Eccube\\Controller\\Block\\CategoryController::index","_route":"block_category"},"request_uri":"http://localhost:8888/eccube-3.0.10/html/block/category"} []
[2016-09-01 11:09:05] eccube.INFO: < 200 [] []
[2016-09-01 11:15:26] eccube.INFO: Matched route "admin_content_block". {"route_parameters":{"_controller":"\\Eccube\\Controller\\Admin\\Content\\BlockController::index","_route":"admin_content_block"},"request_uri":"http://localhost:8888/eccube-3.0.10/html/admin/content/block"} []
[2016-09-01 11:15:26] eccube.INFO: > GET /eccube-3.0.10/html/admin/content/block [] []
[2016-09-01 11:15:26] eccube.INFO: < 200 [] []
[2016-09-01 11:15:33] eccube.INFO: Matched route "admin_content_cache". {"route_parameters":{"_controller":"\\Eccube\\Controller\\Admin\\Content\\CacheController::index","_route":"admin_content_cache"},"request_uri":"http://localhost:8888/eccube-3.0.10/html/admin/content/cache"} []
[2016-09-01 11:15:33] eccube.INFO: > GET /eccube-3.0.10/html/admin/content/cache [] []
[2016-09-01 11:15:33] eccube.INFO: < 200 [] []
[2016-09-01 11:15:34] eccube.INFO: Matched route "admin_content_page". {"route_parameters":{"_controller":"\\Eccube\\Controller\\Admin\\Content\\PageController::index","_route":"admin_content_page"},"request_uri":"http://localhost:8888/eccube-3.0.10/html/admin/content/page"} []
[2016-09-01 11:15:34] eccube.INFO: > GET /eccube-3.0.10/html/admin/content/page [] []
[2016-09-01 11:15:34] eccube.INFO: < 200 [] []
