[2016-08-25 14:40:48] eccube.INFO: Matched route "admin_homepage". {"route_parameters":{"_controller":"\\Eccube\\Controller\\Admin\\AdminController::index","_route":"admin_homepage"},"request_uri":"http://localhost:8888/eccube-3.0.10/html/admin/"} []
[2016-08-25 14:40:48] eccube.INFO: Populated the TokenStorage with an anonymous Token. [] []
[2016-08-25 14:40:48] eccube.INFO: Matched route "admin_login". {"route_parameters":{"_controller":"\\Eccube\\Controller\\Admin\\AdminController::login","_route":"admin_login"},"request_uri":"http://localhost:8888/eccube-3.0.10/html/admin/login"} []
[2016-08-25 14:40:48] eccube.INFO: < 401 [] []
[2016-08-25 14:40:55] eccube.INFO: Matched route "admin_login_check". {"route_parameters":{"_controller":null,"_route":"admin_login_check"},"request_uri":"http://localhost:8888/eccube-3.0.10/html/admin/login_check"} []
[2016-08-25 14:40:55] eccube.INFO: User has been authenticated successfully. {"username":"admin"} []
[2016-08-25 14:40:55] eccube.INFO: < 302 http://localhost:8888/eccube-3.0.10/html/admin/ [] []
[2016-08-25 14:40:55] eccube.INFO: Matched route "admin_homepage". {"route_parameters":{"_controller":"\\Eccube\\Controller\\Admin\\AdminController::index","_route":"admin_homepage"},"request_uri":"http://localhost:8888/eccube-3.0.10/html/admin/"} []
[2016-08-25 14:40:55] eccube.INFO: > GET /eccube-3.0.10/html/admin/ [] []
[2016-08-25 14:40:55] eccube.INFO: < 200 [] []
[2016-08-25 14:41:00] eccube.INFO: Matched route "homepage". {"route_parameters":{"_controller":"\\Eccube\\Controller\\TopController::index","_route":"homepage"},"request_uri":"http://localhost:8888/eccube-3.0.10/html/"} []
[2016-08-25 14:41:00] eccube.INFO: Populated the TokenStorage with an anonymous Token. [] []
[2016-08-25 14:41:00] eccube.INFO: > GET /eccube-3.0.10/html/ [] []
[2016-08-25 14:41:00] eccube.INFO: Matched route "block_cart". {"route_parameters":{"_controller":"\\Eccube\\Controller\\Block\\CartController::index","_route":"block_cart"},"request_uri":"http://localhost:8888/eccube-3.0.10/html/block/cart"} []
[2016-08-25 14:41:00] eccube.INFO: Matched route "block_search_product". {"route_parameters":{"_controller":"\\Eccube\\Controller\\Block\\SearchProductController::index","_route":"block_search_product"},"request_uri":"http://localhost:8888/eccube-3.0.10/html/block/search_product"} []
[2016-08-25 14:41:00] eccube.INFO: Matched route "block_login". {"route_parameters":{"_controller":"\\Eccube\\Controller\\Block\\LoginController::index","_route":"block_login"},"request_uri":"http://localhost:8888/eccube-3.0.10/html/block/login"} []
[2016-08-25 14:41:00] eccube.INFO: Matched route "block_category". {"route_parameters":{"_controller":"\\Eccube\\Controller\\Block\\CategoryController::index","_route":"block_category"},"request_uri":"http://localhost:8888/eccube-3.0.10/html/block/category"} []
[2016-08-25 14:41:00] eccube.INFO: Matched route "block_news". {"route_parameters":{"_controller":"\\Eccube\\Controller\\Block\\NewsController::index","_route":"block_news"},"request_uri":"http://localhost:8888/eccube-3.0.10/html/block/news"} []
[2016-08-25 14:41:00] eccube.INFO: < 200 [] []
[2016-08-25 14:49:11] eccube.INFO: Matched route "homepage". {"route_parameters":{"_controller":"\\Eccube\\Controller\\TopController::index","_route":"homepage"},"request_uri":"http://localhost:8888/eccube-3.0.10/html/"} []
[2016-08-25 14:49:11] eccube.INFO: Populated the TokenStorage with an anonymous Token. [] []
[2016-08-25 14:49:11] eccube.INFO: > GET /eccube-3.0.10/html/ [] []
[2016-08-25 14:49:11] eccube.INFO: Matched route "block_cart". {"route_parameters":{"_controller":"\\Eccube\\Controller\\Block\\CartController::index","_route":"block_cart"},"request_uri":"http://localhost:8888/eccube-3.0.10/html/block/cart"} []
[2016-08-25 14:49:11] eccube.INFO: Matched route "block_search_product". {"route_parameters":{"_controller":"\\Eccube\\Controller\\Block\\SearchProductController::index","_route":"block_search_product"},"request_uri":"http://localhost:8888/eccube-3.0.10/html/block/search_product"} []
[2016-08-25 14:49:11] eccube.INFO: Matched route "block_login". {"route_parameters":{"_controller":"\\Eccube\\Controller\\Block\\LoginController::index","_route":"block_login"},"request_uri":"http://localhost:8888/eccube-3.0.10/html/block/login"} []
[2016-08-25 14:49:11] eccube.INFO: Matched route "block_category". {"route_parameters":{"_controller":"\\Eccube\\Controller\\Block\\CategoryController::index","_route":"block_category"},"request_uri":"http://localhost:8888/eccube-3.0.10/html/block/category"} []
[2016-08-25 14:49:11] eccube.INFO: Matched route "block_news". {"route_parameters":{"_controller":"\\Eccube\\Controller\\Block\\NewsController::index","_route":"block_news"},"request_uri":"http://localhost:8888/eccube-3.0.10/html/block/news"} []
[2016-08-25 14:49:11] eccube.INFO: < 200 [] []
[2016-08-25 14:49:16] eccube.INFO: Matched route "homepage". {"route_parameters":{"_controller":"\\Eccube\\Controller\\TopController::index","_route":"homepage"},"request_uri":"http://localhost:8888/eccube-3.0.10/html/"} []
[2016-08-25 14:49:16] eccube.INFO: Populated the TokenStorage with an anonymous Token. [] []
[2016-08-25 14:49:16] eccube.INFO: > GET /eccube-3.0.10/html/ [] []
[2016-08-25 14:49:16] eccube.INFO: Matched route "block_cart". {"route_parameters":{"_controller":"\\Eccube\\Controller\\Block\\CartController::index","_route":"block_cart"},"request_uri":"http://localhost:8888/eccube-3.0.10/html/block/cart"} []
[2016-08-25 14:49:16] eccube.INFO: Matched route "block_search_product". {"route_parameters":{"_controller":"\\Eccube\\Controller\\Block\\SearchProductController::index","_route":"block_search_product"},"request_uri":"http://localhost:8888/eccube-3.0.10/html/block/search_product"} []
[2016-08-25 14:49:17] eccube.INFO: Matched route "block_login". {"route_parameters":{"_controller":"\\Eccube\\Controller\\Block\\LoginController::index","_route":"block_login"},"request_uri":"http://localhost:8888/eccube-3.0.10/html/block/login"} []
[2016-08-25 14:49:17] eccube.INFO: Matched route "block_category". {"route_parameters":{"_controller":"\\Eccube\\Controller\\Block\\CategoryController::index","_route":"block_category"},"request_uri":"http://localhost:8888/eccube-3.0.10/html/block/category"} []
[2016-08-25 14:49:17] eccube.INFO: Matched route "block_news". {"route_parameters":{"_controller":"\\Eccube\\Controller\\Block\\NewsController::index","_route":"block_news"},"request_uri":"http://localhost:8888/eccube-3.0.10/html/block/news"} []
[2016-08-25 14:49:17] eccube.INFO: < 200 [] []
[2016-08-25 14:49:28] eccube.INFO: Matched route "admin_product". {"route_parameters":{"_controller":"\\Eccube\\Controller\\Admin\\Product\\ProductController::index","_route":"admin_product"},"request_uri":"http://localhost:8888/eccube-3.0.10/html/admin/product"} []
[2016-08-25 14:49:28] eccube.INFO: > GET /eccube-3.0.10/html/admin/product [] []
[2016-08-25 14:49:28] eccube.INFO: < 200 [] []
[2016-08-25 14:49:30] eccube.INFO: Matched route "admin_product_class_name". {"route_parameters":{"_controller":"\\Eccube\\Controller\\Admin\\Product\\ClassNameController::index","_route":"admin_product_class_name"},"request_uri":"http://localhost:8888/eccube-3.0.10/html/admin/product/class_name"} []
[2016-08-25 14:49:30] eccube.INFO: > GET /eccube-3.0.10/html/admin/product/class_name [] []
[2016-08-25 14:49:31] eccube.INFO: < 200 [] []
[2016-08-25 14:49:34] eccube.INFO: Matched route "admin_order". {"route_parameters":{"_controller":"\\Eccube\\Controller\\Admin\\Order\\OrderController::index","_route":"admin_order"},"request_uri":"http://localhost:8888/eccube-3.0.10/html/admin/order"} []
[2016-08-25 14:49:34] eccube.INFO: > GET /eccube-3.0.10/html/admin/order [] []
[2016-08-25 14:49:34] eccube.INFO: < 200 [] []
[2016-08-25 14:49:37] eccube.INFO: Matched route "admin_content_file". {"route_parameters":{"_controller":"\\Eccube\\Controller\\Admin\\Content\\FileController::index","_route":"admin_content_file"},"request_uri":"http://localhost:8888/eccube-3.0.10/html/admin/content/file_manager"} []
[2016-08-25 14:49:37] eccube.INFO: > GET /eccube-3.0.10/html/admin/content/file_manager [] []
[2016-08-25 14:49:37] eccube.INFO: < 200 [] []
[2016-08-25 14:50:18] eccube.INFO: Matched route "admin_setting_shop". {"route_parameters":{"_controller":"\\Eccube\\Controller\\Admin\\Setting\\Shop\\ShopController::index","_route":"admin_setting_shop"},"request_uri":"http://localhost:8888/eccube-3.0.10/html/admin/setting/shop"} []
[2016-08-25 14:50:18] eccube.INFO: > GET /eccube-3.0.10/html/admin/setting/shop [] []
[2016-08-25 14:50:18] eccube.INFO: < 200 [] []
[2016-08-25 14:50:22] eccube.INFO: Matched route "admin_setting_shop_tradelaw". {"route_parameters":{"_controller":"\\Eccube\\Controller\\Admin\\Setting\\Shop\\TradelawController::index","_route":"admin_setting_shop_tradelaw"},"request_uri":"http://localhost:8888/eccube-3.0.10/html/admin/setting/shop/tradelaw"} []
[2016-08-25 14:50:22] eccube.INFO: > GET /eccube-3.0.10/html/admin/setting/shop/tradelaw [] []
[2016-08-25 14:50:22] eccube.INFO: < 200 [] []
[2016-08-25 14:50:24] eccube.INFO: Matched route "admin_setting_shop_customer_agreement". {"route_parameters":{"_controller":"\\Eccube\\Controller\\Admin\\Setting\\Shop\\CustomerAgreementController::index","_route":"admin_setting_shop_customer_agreement"},"request_uri":"http://localhost:8888/eccube-3.0.10/html/admin/setting/shop/customer_agreement"} []
[2016-08-25 14:50:24] eccube.INFO: > GET /eccube-3.0.10/html/admin/setting/shop/customer_agreement [] []
[2016-08-25 14:50:25] eccube.INFO: < 200 [] []
[2016-08-25 14:50:27] eccube.INFO: Matched route "admin_setting_shop_payment". {"route_parameters":{"_controller":"\\Eccube\\Controller\\Admin\\Setting\\Shop\\PaymentController::index","_route":"admin_setting_shop_payment"},"request_uri":"http://localhost:8888/eccube-3.0.10/html/admin/setting/shop/payment"} []
[2016-08-25 14:50:27] eccube.INFO: > GET /eccube-3.0.10/html/admin/setting/shop/payment [] []
[2016-08-25 14:50:27] eccube.INFO: < 200 [] []
[2016-08-25 14:50:28] eccube.INFO: Matched route "admin_setting_shop_delivery". {"route_parameters":{"_controller":"\\Eccube\\Controller\\Admin\\Setting\\Shop\\DeliveryController::index","_route":"admin_setting_shop_delivery"},"request_uri":"http://localhost:8888/eccube-3.0.10/html/admin/setting/shop/delivery"} []
[2016-08-25 14:50:28] eccube.INFO: > GET /eccube-3.0.10/html/admin/setting/shop/delivery [] []
[2016-08-25 14:50:28] eccube.INFO: < 200 [] []
[2016-08-25 14:50:29] eccube.INFO: Matched route "admin_setting_shop_tax". {"route_parameters":{"_controller":"\\Eccube\\Controller\\Admin\\Setting\\Shop\\TaxRuleController::index","_route":"admin_setting_shop_tax"},"request_uri":"http://localhost:8888/eccube-3.0.10/html/admin/setting/shop/tax"} []
[2016-08-25 14:50:29] eccube.INFO: > GET /eccube-3.0.10/html/admin/setting/shop/tax [] []
[2016-08-25 14:50:29] eccube.INFO: < 200 [] []
[2016-08-25 14:50:30] eccube.INFO: Matched route "admin_setting_shop_mail". {"route_parameters":{"_controller":"\\Eccube\\Controller\\Admin\\Setting\\Shop\\MailController::index","_route":"admin_setting_shop_mail"},"request_uri":"http://localhost:8888/eccube-3.0.10/html/admin/setting/shop/mail"} []
[2016-08-25 14:50:30] eccube.INFO: > GET /eccube-3.0.10/html/admin/setting/shop/mail [] []
[2016-08-25 14:50:30] eccube.INFO: < 200 [] []
[2016-08-25 14:50:31] eccube.INFO: Matched route "admin_setting_shop_csv". {"route_parameters":{"_controller":"\\Eccube\\Controller\\Admin\\Setting\\Shop\\CsvController::index","id":3,"_route":"admin_setting_shop_csv"},"request_uri":"http://localhost:8888/eccube-3.0.10/html/admin/setting/shop/csv"} []
[2016-08-25 14:50:31] eccube.INFO: > GET /eccube-3.0.10/html/admin/setting/shop/csv [] []
[2016-08-25 14:50:31] eccube.INFO: < 200 [] []
[2016-08-25 14:50:39] eccube.INFO: Matched route "admin_store_plugin". {"route_parameters":{"_controller":"\\Eccube\\Controller\\Admin\\Store\\PluginController::index","_route":"admin_store_plugin"},"request_uri":"http://localhost:8888/eccube-3.0.10/html/admin/store/plugin"} []
[2016-08-25 14:50:39] eccube.INFO: > GET /eccube-3.0.10/html/admin/store/plugin [] []
[2016-08-25 14:50:39] eccube.INFO: < 200 [] []
[2016-08-25 15:03:08] eccube.INFO: Matched route "homepage". {"route_parameters":{"_controller":"\\Eccube\\Controller\\TopController::index","_route":"homepage"},"request_uri":"http://localhost:8888/eccube-3.0.10/html/index.php/"} []
[2016-08-25 15:03:08] eccube.INFO: Populated the TokenStorage with an anonymous Token. [] []
[2016-08-25 15:03:08] eccube.INFO: > GET /eccube-3.0.10/html/index.php [] []
[2016-08-25 15:03:09] eccube.INFO: Matched route "block_cart". {"route_parameters":{"_controller":"\\Eccube\\Controller\\Block\\CartController::index","_route":"block_cart"},"request_uri":"http://localhost:8888/eccube-3.0.10/html/index.php/block/cart"} []
[2016-08-25 15:03:09] eccube.INFO: Matched route "block_search_product". {"route_parameters":{"_controller":"\\Eccube\\Controller\\Block\\SearchProductController::index","_route":"block_search_product"},"request_uri":"http://localhost:8888/eccube-3.0.10/html/index.php/block/search_product"} []
[2016-08-25 15:03:09] eccube.INFO: Matched route "block_login". {"route_parameters":{"_controller":"\\Eccube\\Controller\\Block\\LoginController::index","_route":"block_login"},"request_uri":"http://localhost:8888/eccube-3.0.10/html/index.php/block/login"} []
[2016-08-25 15:03:09] eccube.INFO: Matched route "block_category". {"route_parameters":{"_controller":"\\Eccube\\Controller\\Block\\CategoryController::index","_route":"block_category"},"request_uri":"http://localhost:8888/eccube-3.0.10/html/index.php/block/category"} []
[2016-08-25 15:03:09] eccube.INFO: Matched route "block_news". {"route_parameters":{"_controller":"\\Eccube\\Controller\\Block\\NewsController::index","_route":"block_news"},"request_uri":"http://localhost:8888/eccube-3.0.10/html/index.php/block/news"} []
[2016-08-25 15:03:09] eccube.INFO: < 200 [] []
[2016-08-25 15:07:18] eccube.INFO: Matched route "admin_product_class_name". {"route_parameters":{"_controller":"\\Eccube\\Controller\\Admin\\Product\\ClassNameController::index","_route":"admin_product_class_name"},"request_uri":"http://localhost:8888/eccube-3.0.10/html/admin/product/class_name"} []
[2016-08-25 15:07:18] eccube.INFO: > GET /eccube-3.0.10/html/admin/product/class_name [] []
[2016-08-25 15:07:18] eccube.INFO: < 200 [] []
[2016-08-25 15:07:21] eccube.INFO: Matched route "admin_product_category". {"route_parameters":{"_controller":"\\Eccube\\Controller\\Admin\\Product\\CategoryController::index","_route":"admin_product_category"},"request_uri":"http://localhost:8888/eccube-3.0.10/html/admin/product/category"} []
[2016-08-25 15:07:21] eccube.INFO: > GET /eccube-3.0.10/html/admin/product/category [] []
[2016-08-25 15:07:22] eccube.INFO: < 200 [] []
[2016-08-25 15:10:11] eccube.INFO: Matched route "admin_product_category". {"route_parameters":{"_controller":"\\Eccube\\Controller\\Admin\\Product\\CategoryController::index","_route":"admin_product_category"},"request_uri":"http://localhost:8888/eccube-3.0.10/html/admin/product/category"} []
[2016-08-25 15:10:11] eccube.INFO: > GET /eccube-3.0.10/html/admin/product/category [] []
[2016-08-25 15:10:11] eccube.INFO: < 200 [] []
[2016-08-25 15:32:35] eccube.INFO: Matched route "homepage". {"route_parameters":{"_controller":"\\Eccube\\Controller\\TopController::index","_route":"homepage"},"request_uri":"http://localhost:8888/eccube-3.0.10/html/"} []
[2016-08-25 15:32:35] eccube.INFO: Populated the TokenStorage with an anonymous Token. [] []
[2016-08-25 15:32:35] eccube.INFO: > GET /eccube-3.0.10/html/ [] []
[2016-08-25 15:32:35] eccube.INFO: Matched route "block_cart". {"route_parameters":{"_controller":"\\Eccube\\Controller\\Block\\CartController::index","_route":"block_cart"},"request_uri":"http://localhost:8888/eccube-3.0.10/html/block/cart"} []
[2016-08-25 15:32:35] eccube.INFO: Matched route "block_search_product". {"route_parameters":{"_controller":"\\Eccube\\Controller\\Block\\SearchProductController::index","_route":"block_search_product"},"request_uri":"http://localhost:8888/eccube-3.0.10/html/block/search_product"} []
[2016-08-25 15:32:36] eccube.INFO: Matched route "block_login". {"route_parameters":{"_controller":"\\Eccube\\Controller\\Block\\LoginController::index","_route":"block_login"},"request_uri":"http://localhost:8888/eccube-3.0.10/html/block/login"} []
[2016-08-25 15:32:36] eccube.INFO: Matched route "block_category". {"route_parameters":{"_controller":"\\Eccube\\Controller\\Block\\CategoryController::index","_route":"block_category"},"request_uri":"http://localhost:8888/eccube-3.0.10/html/block/category"} []
[2016-08-25 15:32:36] eccube.INFO: Matched route "block_news". {"route_parameters":{"_controller":"\\Eccube\\Controller\\Block\\NewsController::index","_route":"block_news"},"request_uri":"http://localhost:8888/eccube-3.0.10/html/block/news"} []
[2016-08-25 15:32:36] eccube.INFO: < 200 [] []
[2016-08-25 15:32:51] eccube.INFO: Matched route "product_detail". {"route_parameters":{"_controller":"\\Eccube\\Controller\\ProductController::detail","id":"2","_route":"product_detail"},"request_uri":"http://localhost:8888/eccube-3.0.10/html/products/detail/2"} []
[2016-08-25 15:32:51] eccube.INFO: Populated the TokenStorage with an anonymous Token. [] []
[2016-08-25 15:32:51] eccube.INFO: > GET /eccube-3.0.10/html/products/detail/2 [] []
[2016-08-25 15:32:51] eccube.INFO: Matched route "block_cart". {"route_parameters":{"_controller":"\\Eccube\\Controller\\Block\\CartController::index","_route":"block_cart"},"request_uri":"http://localhost:8888/eccube-3.0.10/html/block/cart"} []
[2016-08-25 15:32:51] eccube.INFO: Matched route "block_search_product". {"route_parameters":{"_controller":"\\Eccube\\Controller\\Block\\SearchProductController::index","_route":"block_search_product"},"request_uri":"http://localhost:8888/eccube-3.0.10/html/block/search_product"} []
[2016-08-25 15:32:51] eccube.INFO: Matched route "block_login". {"route_parameters":{"_controller":"\\Eccube\\Controller\\Block\\LoginController::index","_route":"block_login"},"request_uri":"http://localhost:8888/eccube-3.0.10/html/block/login"} []
[2016-08-25 15:32:51] eccube.INFO: Matched route "block_category". {"route_parameters":{"_controller":"\\Eccube\\Controller\\Block\\CategoryController::index","_route":"block_category"},"request_uri":"http://localhost:8888/eccube-3.0.10/html/block/category"} []
[2016-08-25 15:32:51] eccube.INFO: < 200 [] []
[2016-08-25 15:33:07] eccube.INFO: Matched route "homepage". {"route_parameters":{"_controller":"\\Eccube\\Controller\\TopController::index","_route":"homepage"},"request_uri":"http://localhost:8888/eccube-3.0.10/html/"} []
[2016-08-25 15:33:07] eccube.INFO: Populated the TokenStorage with an anonymous Token. [] []
[2016-08-25 15:33:07] eccube.INFO: > GET /eccube-3.0.10/html/ [] []
[2016-08-25 15:33:07] eccube.INFO: Matched route "block_cart". {"route_parameters":{"_controller":"\\Eccube\\Controller\\Block\\CartController::index","_route":"block_cart"},"request_uri":"http://localhost:8888/eccube-3.0.10/html/block/cart"} []
[2016-08-25 15:33:07] eccube.INFO: Matched route "block_search_product". {"route_parameters":{"_controller":"\\Eccube\\Controller\\Block\\SearchProductController::index","_route":"block_search_product"},"request_uri":"http://localhost:8888/eccube-3.0.10/html/block/search_product"} []
[2016-08-25 15:33:07] eccube.INFO: Matched route "block_login". {"route_parameters":{"_controller":"\\Eccube\\Controller\\Block\\LoginController::index","_route":"block_login"},"request_uri":"http://localhost:8888/eccube-3.0.10/html/block/login"} []
[2016-08-25 15:33:07] eccube.INFO: Matched route "block_category". {"route_parameters":{"_controller":"\\Eccube\\Controller\\Block\\CategoryController::index","_route":"block_category"},"request_uri":"http://localhost:8888/eccube-3.0.10/html/block/category"} []
[2016-08-25 15:33:07] eccube.INFO: Matched route "block_news". {"route_parameters":{"_controller":"\\Eccube\\Controller\\Block\\NewsController::index","_route":"block_news"},"request_uri":"http://localhost:8888/eccube-3.0.10/html/block/news"} []
[2016-08-25 15:33:07] eccube.INFO: < 200 [] []
